CRITICAL - 2021-10-13 17:32:09 --> Undefined variable $tabela
#0 D:\xampp\htdocs\locadora\app\Views\Cliente_view.php(15): CodeIgniter\Debug\Exceptions->errorHandler(2, 'Undefined varia...', 'D:\\xampp\\htdocs...', 15)
#1 D:\xampp\htdocs\locadora\system\View\View.php(214): include('D:\\xampp\\htdocs...')
#2 D:\xampp\htdocs\locadora\system\View\View.php(217): CodeIgniter\View\View->CodeIgniter\View\{closure}()
#3 D:\xampp\htdocs\locadora\system\Common.php(1092): CodeIgniter\View\View->render('Cliente_view', Array, true)
#4 D:\xampp\htdocs\locadora\app\Controllers\Cliente.php(18): view('Cliente_view', Array)
#5 D:\xampp\htdocs\locadora\system\CodeIgniter.php(802): App\Controllers\Cliente->index()
#6 D:\xampp\htdocs\locadora\system\CodeIgniter.php(399): CodeIgniter\CodeIgniter->runController(Object(App\Controllers\Cliente))
#7 D:\xampp\htdocs\locadora\system\CodeIgniter.php(317): CodeIgniter\CodeIgniter->handleRequest(NULL, Object(Config\Cache), false)
#8 D:\xampp\htdocs\locadora\public\index.php(37): CodeIgniter\CodeIgniter->run()
#9 {main}
CRITICAL - 2021-10-13 17:33:58 --> CodeIgniter\View\Table::_prepArgs(): Argument #1 ($args) must be of type array, string given, called in D:\xampp\htdocs\locadora\system\View\Table.php on line 430
#0 D:\xampp\htdocs\locadora\system\View\Table.php(430): CodeIgniter\View\Table->_prepArgs('<table border="...')
#1 D:\xampp\htdocs\locadora\system\View\Table.php(272): CodeIgniter\View\Table->_setFromArray(Array)
#2 D:\xampp\htdocs\locadora\app\Views\Cliente_view.php(15): CodeIgniter\View\Table->generate(Array)
#3 D:\xampp\htdocs\locadora\system\View\View.php(214): include('D:\\xampp\\htdocs...')
#4 D:\xampp\htdocs\locadora\system\View\View.php(217): CodeIgniter\View\View->CodeIgniter\View\{closure}()
#5 D:\xampp\htdocs\locadora\system\Common.php(1092): CodeIgniter\View\View->render('Cliente_view', Array, true)
#6 D:\xampp\htdocs\locadora\app\Controllers\Cliente.php(18): view('Cliente_view', Array)
#7 D:\xampp\htdocs\locadora\system\CodeIgniter.php(802): App\Controllers\Cliente->index()
#8 D:\xampp\htdocs\locadora\system\CodeIgniter.php(399): CodeIgniter\CodeIgniter->runController(Object(App\Controllers\Cliente))
#9 D:\xampp\htdocs\locadora\system\CodeIgniter.php(317): CodeIgniter\CodeIgniter->handleRequest(NULL, Object(Config\Cache), false)
#10 D:\xampp\htdocs\locadora\public\index.php(37): CodeIgniter\CodeIgniter->run()
#11 {main}
CRITICAL - 2021-10-13 17:36:02 --> Undefined variable $tabela
#0 D:\xampp\htdocs\locadora\app\Views\Cliente_view.php(15): CodeIgniter\Debug\Exceptions->errorHandler(2, 'Undefined varia...', 'D:\\xampp\\htdocs...', 15)
#1 D:\xampp\htdocs\locadora\system\View\View.php(214): include('D:\\xampp\\htdocs...')
#2 D:\xampp\htdocs\locadora\system\View\View.php(217): CodeIgniter\View\View->CodeIgniter\View\{closure}()
#3 D:\xampp\htdocs\locadora\system\Common.php(1092): CodeIgniter\View\View->render('Cliente_view', Array, true)
#4 D:\xampp\htdocs\locadora\app\Controllers\Cliente.php(18): view('Cliente_view', Array)
#5 D:\xampp\htdocs\locadora\system\CodeIgniter.php(802): App\Controllers\Cliente->index()
#6 D:\xampp\htdocs\locadora\system\CodeIgniter.php(399): CodeIgniter\CodeIgniter->runController(Object(App\Controllers\Cliente))
#7 D:\xampp\htdocs\locadora\system\CodeIgniter.php(317): CodeIgniter\CodeIgniter->handleRequest(NULL, Object(Config\Cache), false)
#8 D:\xampp\htdocs\locadora\public\index.php(37): CodeIgniter\CodeIgniter->run()
#9 {main}
CRITICAL - 2021-10-13 17:36:02 --> Undefined variable $tabela
#0 D:\xampp\htdocs\locadora\app\Views\Cliente_view.php(15): CodeIgniter\Debug\Exceptions->errorHandler(2, 'Undefined varia...', 'D:\\xampp\\htdocs...', 15)
#1 D:\xampp\htdocs\locadora\system\View\View.php(214): include('D:\\xampp\\htdocs...')
#2 D:\xampp\htdocs\locadora\system\View\View.php(217): CodeIgniter\View\View->CodeIgniter\View\{closure}()
#3 D:\xampp\htdocs\locadora\system\Common.php(1092): CodeIgniter\View\View->render('Cliente_view', Array, true)
#4 D:\xampp\htdocs\locadora\app\Controllers\Cliente.php(18): view('Cliente_view', Array)
#5 D:\xampp\htdocs\locadora\system\CodeIgniter.php(802): App\Controllers\Cliente->index()
#6 D:\xampp\htdocs\locadora\system\CodeIgniter.php(399): CodeIgniter\CodeIgniter->runController(Object(App\Controllers\Cliente))
#7 D:\xampp\htdocs\locadora\system\CodeIgniter.php(317): CodeIgniter\CodeIgniter->handleRequest(NULL, Object(Config\Cache), false)
#8 D:\xampp\htdocs\locadora\public\index.php(37): CodeIgniter\CodeIgniter->run()
#9 {main}
CRITICAL - 2021-10-13 17:51:06 --> Undefined array key "TB_CLIENTE_SENHA"
#0 D:\xampp\htdocs\locadora\app\Controllers\Cliente.php(40): CodeIgniter\Debug\Exceptions->errorHandler(2, 'Undefined array...', 'D:\\xampp\\htdocs...', 40)
#1 D:\xampp\htdocs\locadora\system\CodeIgniter.php(802): App\Controllers\Cliente->cadastrar_cliente()
#2 D:\xampp\htdocs\locadora\system\CodeIgniter.php(399): CodeIgniter\CodeIgniter->runController(Object(App\Controllers\Cliente))
#3 D:\xampp\htdocs\locadora\system\CodeIgniter.php(317): CodeIgniter\CodeIgniter->handleRequest(NULL, Object(Config\Cache), false)
#4 D:\xampp\htdocs\locadora\public\index.php(37): CodeIgniter\CodeIgniter->run()
#5 {main}
CRITICAL - 2021-10-13 17:51:40 --> Undefined variable $tabela
#0 D:\xampp\htdocs\locadora\app\Views\Cliente_view.php(15): CodeIgniter\Debug\Exceptions->errorHandler(2, 'Undefined varia...', 'D:\\xampp\\htdocs...', 15)
#1 D:\xampp\htdocs\locadora\system\View\View.php(214): include('D:\\xampp\\htdocs...')
#2 D:\xampp\htdocs\locadora\system\View\View.php(217): CodeIgniter\View\View->CodeIgniter\View\{closure}()
#3 D:\xampp\htdocs\locadora\system\Common.php(1092): CodeIgniter\View\View->render('Cliente_view', Array, true)
#4 D:\xampp\htdocs\locadora\app\Controllers\Cliente.php(18): view('Cliente_view', Array)
#5 D:\xampp\htdocs\locadora\system\CodeIgniter.php(802): App\Controllers\Cliente->index()
#6 D:\xampp\htdocs\locadora\system\CodeIgniter.php(399): CodeIgniter\CodeIgniter->runController(Object(App\Controllers\Cliente))
#7 D:\xampp\htdocs\locadora\system\CodeIgniter.php(317): CodeIgniter\CodeIgniter->handleRequest(NULL, Object(Config\Cache), false)
#8 D:\xampp\htdocs\locadora\public\index.php(37): CodeIgniter\CodeIgniter->run()
#9 {main}
CRITICAL - 2021-10-13 17:52:50 --> Undefined variable $tabela
#0 D:\xampp\htdocs\locadora\app\Views\Cliente_view.php(15): CodeIgniter\Debug\Exceptions->errorHandler(2, 'Undefined varia...', 'D:\\xampp\\htdocs...', 15)
#1 D:\xampp\htdocs\locadora\system\View\View.php(214): include('D:\\xampp\\htdocs...')
#2 D:\xampp\htdocs\locadora\system\View\View.php(217): CodeIgniter\View\View->CodeIgniter\View\{closure}()
#3 D:\xampp\htdocs\locadora\system\Common.php(1092): CodeIgniter\View\View->render('Cliente_view', Array, true)
#4 D:\xampp\htdocs\locadora\app\Controllers\Cliente.php(18): view('Cliente_view', Array)
#5 D:\xampp\htdocs\locadora\system\CodeIgniter.php(802): App\Controllers\Cliente->index()
#6 D:\xampp\htdocs\locadora\system\CodeIgniter.php(399): CodeIgniter\CodeIgniter->runController(Object(App\Controllers\Cliente))
#7 D:\xampp\htdocs\locadora\system\CodeIgniter.php(317): CodeIgniter\CodeIgniter->handleRequest(NULL, Object(Config\Cache), false)
#8 D:\xampp\htdocs\locadora\public\index.php(37): CodeIgniter\CodeIgniter->run()
#9 {main}
CRITICAL - 2021-10-13 17:52:57 --> Undefined array key "TB_CLIENTE_SENHA"
#0 D:\xampp\htdocs\locadora\app\Controllers\Cliente.php(40): CodeIgniter\Debug\Exceptions->errorHandler(2, 'Undefined array...', 'D:\\xampp\\htdocs...', 40)
#1 D:\xampp\htdocs\locadora\system\CodeIgniter.php(802): App\Controllers\Cliente->cadastrar_cliente()
#2 D:\xampp\htdocs\locadora\system\CodeIgniter.php(399): CodeIgniter\CodeIgniter->runController(Object(App\Controllers\Cliente))
#3 D:\xampp\htdocs\locadora\system\CodeIgniter.php(317): CodeIgniter\CodeIgniter->handleRequest(NULL, Object(Config\Cache), false)
#4 D:\xampp\htdocs\locadora\public\index.php(37): CodeIgniter\CodeIgniter->run()
#5 {main}
CRITICAL - 2021-10-13 17:59:47 --> Undefined variable $tabela
#0 D:\xampp\htdocs\locadora\app\Views\Cliente_view.php(15): CodeIgniter\Debug\Exceptions->errorHandler(2, 'Undefined varia...', 'D:\\xampp\\htdocs...', 15)
#1 D:\xampp\htdocs\locadora\system\View\View.php(214): include('D:\\xampp\\htdocs...')
#2 D:\xampp\htdocs\locadora\system\View\View.php(217): CodeIgniter\View\View->CodeIgniter\View\{closure}()
#3 D:\xampp\htdocs\locadora\system\Common.php(1092): CodeIgniter\View\View->render('Cliente_view', Array, true)
#4 D:\xampp\htdocs\locadora\app\Controllers\Cliente.php(18): view('Cliente_view', Array)
#5 D:\xampp\htdocs\locadora\system\CodeIgniter.php(802): App\Controllers\Cliente->index()
#6 D:\xampp\htdocs\locadora\system\CodeIgniter.php(399): CodeIgniter\CodeIgniter->runController(Object(App\Controllers\Cliente))
#7 D:\xampp\htdocs\locadora\system\CodeIgniter.php(317): CodeIgniter\CodeIgniter->handleRequest(NULL, Object(Config\Cache), false)
#8 D:\xampp\htdocs\locadora\public\index.php(37): CodeIgniter\CodeIgniter->run()
#9 {main}
CRITICAL - 2021-10-13 18:00:42 --> Undefined variable $tabela
#0 D:\xampp\htdocs\locadora\app\Views\Cliente_view.php(15): CodeIgniter\Debug\Exceptions->errorHandler(2, 'Undefined varia...', 'D:\\xampp\\htdocs...', 15)
#1 D:\xampp\htdocs\locadora\system\View\View.php(214): include('D:\\xampp\\htdocs...')
#2 D:\xampp\htdocs\locadora\system\View\View.php(217): CodeIgniter\View\View->CodeIgniter\View\{closure}()
#3 D:\xampp\htdocs\locadora\system\Common.php(1092): CodeIgniter\View\View->render('Cliente_view', Array, true)
#4 D:\xampp\htdocs\locadora\app\Controllers\Cliente.php(18): view('Cliente_view', Array)
#5 D:\xampp\htdocs\locadora\system\CodeIgniter.php(802): App\Controllers\Cliente->index()
#6 D:\xampp\htdocs\locadora\system\CodeIgniter.php(399): CodeIgniter\CodeIgniter->runController(Object(App\Controllers\Cliente))
#7 D:\xampp\htdocs\locadora\system\CodeIgniter.php(317): CodeIgniter\CodeIgniter->handleRequest(NULL, Object(Config\Cache), false)
#8 D:\xampp\htdocs\locadora\public\index.php(37): CodeIgniter\CodeIgniter->run()
#9 {main}
CRITICAL - 2021-10-13 18:00:45 --> Undefined variable $tabela
#0 D:\xampp\htdocs\locadora\app\Views\Cliente_view.php(15): CodeIgniter\Debug\Exceptions->errorHandler(2, 'Undefined varia...', 'D:\\xampp\\htdocs...', 15)
#1 D:\xampp\htdocs\locadora\system\View\View.php(214): include('D:\\xampp\\htdocs...')
#2 D:\xampp\htdocs\locadora\system\View\View.php(217): CodeIgniter\View\View->CodeIgniter\View\{closure}()
#3 D:\xampp\htdocs\locadora\system\Common.php(1092): CodeIgniter\View\View->render('Cliente_view', Array, true)
#4 D:\xampp\htdocs\locadora\app\Controllers\Cliente.php(18): view('Cliente_view', Array)
#5 D:\xampp\htdocs\locadora\system\CodeIgniter.php(802): App\Controllers\Cliente->index()
#6 D:\xampp\htdocs\locadora\system\CodeIgniter.php(399): CodeIgniter\CodeIgniter->runController(Object(App\Controllers\Cliente))
#7 D:\xampp\htdocs\locadora\system\CodeIgniter.php(317): CodeIgniter\CodeIgniter->handleRequest(NULL, Object(Config\Cache), false)
#8 D:\xampp\htdocs\locadora\public\index.php(37): CodeIgniter\CodeIgniter->run()
#9 {main}
CRITICAL - 2021-10-13 18:00:45 --> Undefined variable $tabela
#0 D:\xampp\htdocs\locadora\app\Views\Cliente_view.php(15): CodeIgniter\Debug\Exceptions->errorHandler(2, 'Undefined varia...', 'D:\\xampp\\htdocs...', 15)
#1 D:\xampp\htdocs\locadora\system\View\View.php(214): include('D:\\xampp\\htdocs...')
#2 D:\xampp\htdocs\locadora\system\View\View.php(217): CodeIgniter\View\View->CodeIgniter\View\{closure}()
#3 D:\xampp\htdocs\locadora\system\Common.php(1092): CodeIgniter\View\View->render('Cliente_view', Array, true)
#4 D:\xampp\htdocs\locadora\app\Controllers\Cliente.php(18): view('Cliente_view', Array)
#5 D:\xampp\htdocs\locadora\system\CodeIgniter.php(802): App\Controllers\Cliente->index()
#6 D:\xampp\htdocs\locadora\system\CodeIgniter.php(399): CodeIgniter\CodeIgniter->runController(Object(App\Controllers\Cliente))
#7 D:\xampp\htdocs\locadora\system\CodeIgniter.php(317): CodeIgniter\CodeIgniter->handleRequest(NULL, Object(Config\Cache), false)
#8 D:\xampp\htdocs\locadora\public\index.php(37): CodeIgniter\CodeIgniter->run()
#9 {main}
CRITICAL - 2021-10-13 18:00:45 --> Undefined variable $tabela
#0 D:\xampp\htdocs\locadora\app\Views\Cliente_view.php(15): CodeIgniter\Debug\Exceptions->errorHandler(2, 'Undefined varia...', 'D:\\xampp\\htdocs...', 15)
#1 D:\xampp\htdocs\locadora\system\View\View.php(214): include('D:\\xampp\\htdocs...')
#2 D:\xampp\htdocs\locadora\system\View\View.php(217): CodeIgniter\View\View->CodeIgniter\View\{closure}()
#3 D:\xampp\htdocs\locadora\system\Common.php(1092): CodeIgniter\View\View->render('Cliente_view', Array, true)
#4 D:\xampp\htdocs\locadora\app\Controllers\Cliente.php(18): view('Cliente_view', Array)
#5 D:\xampp\htdocs\locadora\system\CodeIgniter.php(802): App\Controllers\Cliente->index()
#6 D:\xampp\htdocs\locadora\system\CodeIgniter.php(399): CodeIgniter\CodeIgniter->runController(Object(App\Controllers\Cliente))
#7 D:\xampp\htdocs\locadora\system\CodeIgniter.php(317): CodeIgniter\CodeIgniter->handleRequest(NULL, Object(Config\Cache), false)
#8 D:\xampp\htdocs\locadora\public\index.php(37): CodeIgniter\CodeIgniter->run()
#9 {main}
CRITICAL - 2021-10-13 18:00:58 --> Undefined variable $tabela
#0 D:\xampp\htdocs\locadora\app\Views\Cliente_view.php(15): CodeIgniter\Debug\Exceptions->errorHandler(2, 'Undefined varia...', 'D:\\xampp\\htdocs...', 15)
#1 D:\xampp\htdocs\locadora\system\View\View.php(214): include('D:\\xampp\\htdocs...')
#2 D:\xampp\htdocs\locadora\system\View\View.php(217): CodeIgniter\View\View->CodeIgniter\View\{closure}()
#3 D:\xampp\htdocs\locadora\system\Common.php(1092): CodeIgniter\View\View->render('Cliente_view', Array, true)
#4 D:\xampp\htdocs\locadora\app\Controllers\Cliente.php(18): view('Cliente_view', Array)
#5 D:\xampp\htdocs\locadora\system\CodeIgniter.php(802): App\Controllers\Cliente->index()
#6 D:\xampp\htdocs\locadora\system\CodeIgniter.php(399): CodeIgniter\CodeIgniter->runController(Object(App\Controllers\Cliente))
#7 D:\xampp\htdocs\locadora\system\CodeIgniter.php(317): CodeIgniter\CodeIgniter->handleRequest(NULL, Object(Config\Cache), false)
#8 D:\xampp\htdocs\locadora\public\index.php(37): CodeIgniter\CodeIgniter->run()
#9 {main}
CRITICAL - 2021-10-13 18:00:59 --> Undefined variable $tabela
#0 D:\xampp\htdocs\locadora\app\Views\Cliente_view.php(15): CodeIgniter\Debug\Exceptions->errorHandler(2, 'Undefined varia...', 'D:\\xampp\\htdocs...', 15)
#1 D:\xampp\htdocs\locadora\system\View\View.php(214): include('D:\\xampp\\htdocs...')
#2 D:\xampp\htdocs\locadora\system\View\View.php(217): CodeIgniter\View\View->CodeIgniter\View\{closure}()
#3 D:\xampp\htdocs\locadora\system\Common.php(1092): CodeIgniter\View\View->render('Cliente_view', Array, true)
#4 D:\xampp\htdocs\locadora\app\Controllers\Cliente.php(18): view('Cliente_view', Array)
#5 D:\xampp\htdocs\locadora\system\CodeIgniter.php(802): App\Controllers\Cliente->index()
#6 D:\xampp\htdocs\locadora\system\CodeIgniter.php(399): CodeIgniter\CodeIgniter->runController(Object(App\Controllers\Cliente))
#7 D:\xampp\htdocs\locadora\system\CodeIgniter.php(317): CodeIgniter\CodeIgniter->handleRequest(NULL, Object(Config\Cache), false)
#8 D:\xampp\htdocs\locadora\public\index.php(37): CodeIgniter\CodeIgniter->run()
#9 {main}
CRITICAL - 2021-10-13 18:00:59 --> Undefined variable $tabela
#0 D:\xampp\htdocs\locadora\app\Views\Cliente_view.php(15): CodeIgniter\Debug\Exceptions->errorHandler(2, 'Undefined varia...', 'D:\\xampp\\htdocs...', 15)
#1 D:\xampp\htdocs\locadora\system\View\View.php(214): include('D:\\xampp\\htdocs...')
#2 D:\xampp\htdocs\locadora\system\View\View.php(217): CodeIgniter\View\View->CodeIgniter\View\{closure}()
#3 D:\xampp\htdocs\locadora\system\Common.php(1092): CodeIgniter\View\View->render('Cliente_view', Array, true)
#4 D:\xampp\htdocs\locadora\app\Controllers\Cliente.php(18): view('Cliente_view', Array)
#5 D:\xampp\htdocs\locadora\system\CodeIgniter.php(802): App\Controllers\Cliente->index()
#6 D:\xampp\htdocs\locadora\system\CodeIgniter.php(399): CodeIgniter\CodeIgniter->runController(Object(App\Controllers\Cliente))
#7 D:\xampp\htdocs\locadora\system\CodeIgniter.php(317): CodeIgniter\CodeIgniter->handleRequest(NULL, Object(Config\Cache), false)
#8 D:\xampp\htdocs\locadora\public\index.php(37): CodeIgniter\CodeIgniter->run()
#9 {main}
CRITICAL - 2021-10-13 18:03:39 --> Undefined variable $tabela
#0 D:\xampp\htdocs\locadora\app\Views\Cliente_view.php(15): CodeIgniter\Debug\Exceptions->errorHandler(2, 'Undefined varia...', 'D:\\xampp\\htdocs...', 15)
#1 D:\xampp\htdocs\locadora\system\View\View.php(214): include('D:\\xampp\\htdocs...')
#2 D:\xampp\htdocs\locadora\system\View\View.php(217): CodeIgniter\View\View->CodeIgniter\View\{closure}()
#3 D:\xampp\htdocs\locadora\system\Common.php(1092): CodeIgniter\View\View->render('Cliente_view', Array, true)
#4 D:\xampp\htdocs\locadora\app\Controllers\Cliente.php(18): view('Cliente_view', Array)
#5 D:\xampp\htdocs\locadora\system\CodeIgniter.php(802): App\Controllers\Cliente->index()
#6 D:\xampp\htdocs\locadora\system\CodeIgniter.php(399): CodeIgniter\CodeIgniter->runController(Object(App\Controllers\Cliente))
#7 D:\xampp\htdocs\locadora\system\CodeIgniter.php(317): CodeIgniter\CodeIgniter->handleRequest(NULL, Object(Config\Cache), false)
#8 D:\xampp\htdocs\locadora\public\index.php(37): CodeIgniter\CodeIgniter->run()
#9 {main}
CRITICAL - 2021-10-13 18:03:57 --> Undefined array key "TB_CLIENTE_SENHA"
#0 D:\xampp\htdocs\locadora\app\Controllers\Cliente.php(44): CodeIgniter\Debug\Exceptions->errorHandler(2, 'Undefined array...', 'D:\\xampp\\htdocs...', 44)
#1 D:\xampp\htdocs\locadora\system\CodeIgniter.php(802): App\Controllers\Cliente->cadastrar_cliente()
#2 D:\xampp\htdocs\locadora\system\CodeIgniter.php(399): CodeIgniter\CodeIgniter->runController(Object(App\Controllers\Cliente))
#3 D:\xampp\htdocs\locadora\system\CodeIgniter.php(317): CodeIgniter\CodeIgniter->handleRequest(NULL, Object(Config\Cache), false)
#4 D:\xampp\htdocs\locadora\public\index.php(37): CodeIgniter\CodeIgniter->run()
#5 {main}
CRITICAL - 2021-10-13 18:06:41 --> Undefined variable $tabela
#0 D:\xampp\htdocs\locadora\app\Views\Cliente_view.php(15): CodeIgniter\Debug\Exceptions->errorHandler(2, 'Undefined varia...', 'D:\\xampp\\htdocs...', 15)
#1 D:\xampp\htdocs\locadora\system\View\View.php(214): include('D:\\xampp\\htdocs...')
#2 D:\xampp\htdocs\locadora\system\View\View.php(217): CodeIgniter\View\View->CodeIgniter\View\{closure}()
#3 D:\xampp\htdocs\locadora\system\Common.php(1092): CodeIgniter\View\View->render('Cliente_view', Array, true)
#4 D:\xampp\htdocs\locadora\app\Controllers\Cliente.php(18): view('Cliente_view', Array)
#5 D:\xampp\htdocs\locadora\system\CodeIgniter.php(802): App\Controllers\Cliente->index()
#6 D:\xampp\htdocs\locadora\system\CodeIgniter.php(399): CodeIgniter\CodeIgniter->runController(Object(App\Controllers\Cliente))
#7 D:\xampp\htdocs\locadora\system\CodeIgniter.php(317): CodeIgniter\CodeIgniter->handleRequest(NULL, Object(Config\Cache), false)
#8 D:\xampp\htdocs\locadora\public\index.php(37): CodeIgniter\CodeIgniter->run()
#9 {main}
CRITICAL - 2021-10-13 18:06:43 --> Undefined variable $tabela
#0 D:\xampp\htdocs\locadora\app\Views\Cliente_view.php(15): CodeIgniter\Debug\Exceptions->errorHandler(2, 'Undefined varia...', 'D:\\xampp\\htdocs...', 15)
#1 D:\xampp\htdocs\locadora\system\View\View.php(214): include('D:\\xampp\\htdocs...')
#2 D:\xampp\htdocs\locadora\system\View\View.php(217): CodeIgniter\View\View->CodeIgniter\View\{closure}()
#3 D:\xampp\htdocs\locadora\system\Common.php(1092): CodeIgniter\View\View->render('Cliente_view', Array, true)
#4 D:\xampp\htdocs\locadora\app\Controllers\Cliente.php(18): view('Cliente_view', Array)
#5 D:\xampp\htdocs\locadora\system\CodeIgniter.php(802): App\Controllers\Cliente->index()
#6 D:\xampp\htdocs\locadora\system\CodeIgniter.php(399): CodeIgniter\CodeIgniter->runController(Object(App\Controllers\Cliente))
#7 D:\xampp\htdocs\locadora\system\CodeIgniter.php(317): CodeIgniter\CodeIgniter->handleRequest(NULL, Object(Config\Cache), false)
#8 D:\xampp\htdocs\locadora\public\index.php(37): CodeIgniter\CodeIgniter->run()
#9 {main}
CRITICAL - 2021-10-13 18:06:43 --> Undefined variable $tabela
#0 D:\xampp\htdocs\locadora\app\Views\Cliente_view.php(15): CodeIgniter\Debug\Exceptions->errorHandler(2, 'Undefined varia...', 'D:\\xampp\\htdocs...', 15)
#1 D:\xampp\htdocs\locadora\system\View\View.php(214): include('D:\\xampp\\htdocs...')
#2 D:\xampp\htdocs\locadora\system\View\View.php(217): CodeIgniter\View\View->CodeIgniter\View\{closure}()
#3 D:\xampp\htdocs\locadora\system\Common.php(1092): CodeIgniter\View\View->render('Cliente_view', Array, true)
#4 D:\xampp\htdocs\locadora\app\Controllers\Cliente.php(18): view('Cliente_view', Array)
#5 D:\xampp\htdocs\locadora\system\CodeIgniter.php(802): App\Controllers\Cliente->index()
#6 D:\xampp\htdocs\locadora\system\CodeIgniter.php(399): CodeIgniter\CodeIgniter->runController(Object(App\Controllers\Cliente))
#7 D:\xampp\htdocs\locadora\system\CodeIgniter.php(317): CodeIgniter\CodeIgniter->handleRequest(NULL, Object(Config\Cache), false)
#8 D:\xampp\htdocs\locadora\public\index.php(37): CodeIgniter\CodeIgniter->run()
#9 {main}
CRITICAL - 2021-10-13 18:19:59 --> Undefined variable $tabela
#0 D:\xampp\htdocs\locadora\app\Views\Funcionario_view.php(14): CodeIgniter\Debug\Exceptions->errorHandler(2, 'Undefined varia...', 'D:\\xampp\\htdocs...', 14)
#1 D:\xampp\htdocs\locadora\system\View\View.php(214): include('D:\\xampp\\htdocs...')
#2 D:\xampp\htdocs\locadora\system\View\View.php(217): CodeIgniter\View\View->CodeIgniter\View\{closure}()
#3 D:\xampp\htdocs\locadora\system\Common.php(1092): CodeIgniter\View\View->render('Funcionario_vie...', Array, true)
#4 D:\xampp\htdocs\locadora\app\Controllers\Funcionario.php(18): view('Funcionario_vie...', Array)
#5 D:\xampp\htdocs\locadora\system\CodeIgniter.php(802): App\Controllers\Funcionario->index()
#6 D:\xampp\htdocs\locadora\system\CodeIgniter.php(399): CodeIgniter\CodeIgniter->runController(Object(App\Controllers\Funcionario))
#7 D:\xampp\htdocs\locadora\system\CodeIgniter.php(317): CodeIgniter\CodeIgniter->handleRequest(NULL, Object(Config\Cache), false)
#8 D:\xampp\htdocs\locadora\public\index.php(37): CodeIgniter\CodeIgniter->run()
#9 {main}
CRITICAL - 2021-10-13 18:20:26 --> Undefined variable $tabela
#0 D:\xampp\htdocs\locadora\app\Views\Funcionario_view.php(14): CodeIgniter\Debug\Exceptions->errorHandler(2, 'Undefined varia...', 'D:\\xampp\\htdocs...', 14)
#1 D:\xampp\htdocs\locadora\system\View\View.php(214): include('D:\\xampp\\htdocs...')
#2 D:\xampp\htdocs\locadora\system\View\View.php(217): CodeIgniter\View\View->CodeIgniter\View\{closure}()
#3 D:\xampp\htdocs\locadora\system\Common.php(1092): CodeIgniter\View\View->render('Funcionario_vie...', Array, true)
#4 D:\xampp\htdocs\locadora\app\Controllers\Funcionario.php(18): view('Funcionario_vie...', Array)
#5 D:\xampp\htdocs\locadora\system\CodeIgniter.php(802): App\Controllers\Funcionario->index()
#6 D:\xampp\htdocs\locadora\system\CodeIgniter.php(399): CodeIgniter\CodeIgniter->runController(Object(App\Controllers\Funcionario))
#7 D:\xampp\htdocs\locadora\system\CodeIgniter.php(317): CodeIgniter\CodeIgniter->handleRequest(NULL, Object(Config\Cache), false)
#8 D:\xampp\htdocs\locadora\public\index.php(37): CodeIgniter\CodeIgniter->run()
#9 {main}
CRITICAL - 2021-10-13 18:20:28 --> Undefined variable $tabela
#0 D:\xampp\htdocs\locadora\app\Views\Funcionario_view.php(14): CodeIgniter\Debug\Exceptions->errorHandler(2, 'Undefined varia...', 'D:\\xampp\\htdocs...', 14)
#1 D:\xampp\htdocs\locadora\system\View\View.php(214): include('D:\\xampp\\htdocs...')
#2 D:\xampp\htdocs\locadora\system\View\View.php(217): CodeIgniter\View\View->CodeIgniter\View\{closure}()
#3 D:\xampp\htdocs\locadora\system\Common.php(1092): CodeIgniter\View\View->render('Funcionario_vie...', Array, true)
#4 D:\xampp\htdocs\locadora\app\Controllers\Funcionario.php(18): view('Funcionario_vie...', Array)
#5 D:\xampp\htdocs\locadora\system\CodeIgniter.php(802): App\Controllers\Funcionario->index()
#6 D:\xampp\htdocs\locadora\system\CodeIgniter.php(399): CodeIgniter\CodeIgniter->runController(Object(App\Controllers\Funcionario))
#7 D:\xampp\htdocs\locadora\system\CodeIgniter.php(317): CodeIgniter\CodeIgniter->handleRequest(NULL, Object(Config\Cache), false)
#8 D:\xampp\htdocs\locadora\public\index.php(37): CodeIgniter\CodeIgniter->run()
#9 {main}
CRITICAL - 2021-10-13 18:20:38 --> Undefined variable $tabela
#0 D:\xampp\htdocs\locadora\app\Views\Funcionario_view.php(14): CodeIgniter\Debug\Exceptions->errorHandler(2, 'Undefined varia...', 'D:\\xampp\\htdocs...', 14)
#1 D:\xampp\htdocs\locadora\system\View\View.php(214): include('D:\\xampp\\htdocs...')
#2 D:\xampp\htdocs\locadora\system\View\View.php(217): CodeIgniter\View\View->CodeIgniter\View\{closure}()
#3 D:\xampp\htdocs\locadora\system\Common.php(1092): CodeIgniter\View\View->render('Funcionario_vie...', Array, true)
#4 D:\xampp\htdocs\locadora\app\Controllers\Funcionario.php(18): view('Funcionario_vie...', Array)
#5 D:\xampp\htdocs\locadora\system\CodeIgniter.php(802): App\Controllers\Funcionario->index()
#6 D:\xampp\htdocs\locadora\system\CodeIgniter.php(399): CodeIgniter\CodeIgniter->runController(Object(App\Controllers\Funcionario))
#7 D:\xampp\htdocs\locadora\system\CodeIgniter.php(317): CodeIgniter\CodeIgniter->handleRequest(NULL, Object(Config\Cache), false)
#8 D:\xampp\htdocs\locadora\public\index.php(37): CodeIgniter\CodeIgniter->run()
#9 {main}
CRITICAL - 2021-10-13 18:20:38 --> Undefined variable $tabela
#0 D:\xampp\htdocs\locadora\app\Views\Funcionario_view.php(14): CodeIgniter\Debug\Exceptions->errorHandler(2, 'Undefined varia...', 'D:\\xampp\\htdocs...', 14)
#1 D:\xampp\htdocs\locadora\system\View\View.php(214): include('D:\\xampp\\htdocs...')
#2 D:\xampp\htdocs\locadora\system\View\View.php(217): CodeIgniter\View\View->CodeIgniter\View\{closure}()
#3 D:\xampp\htdocs\locadora\system\Common.php(1092): CodeIgniter\View\View->render('Funcionario_vie...', Array, true)
#4 D:\xampp\htdocs\locadora\app\Controllers\Funcionario.php(18): view('Funcionario_vie...', Array)
#5 D:\xampp\htdocs\locadora\system\CodeIgniter.php(802): App\Controllers\Funcionario->index()
#6 D:\xampp\htdocs\locadora\system\CodeIgniter.php(399): CodeIgniter\CodeIgniter->runController(Object(App\Controllers\Funcionario))
#7 D:\xampp\htdocs\locadora\system\CodeIgniter.php(317): CodeIgniter\CodeIgniter->handleRequest(NULL, Object(Config\Cache), false)
#8 D:\xampp\htdocs\locadora\public\index.php(37): CodeIgniter\CodeIgniter->run()
#9 {main}
CRITICAL - 2021-10-13 18:20:41 --> Undefined variable $tabela
#0 D:\xampp\htdocs\locadora\app\Views\Funcionario_view.php(14): CodeIgniter\Debug\Exceptions->errorHandler(2, 'Undefined varia...', 'D:\\xampp\\htdocs...', 14)
#1 D:\xampp\htdocs\locadora\system\View\View.php(214): include('D:\\xampp\\htdocs...')
#2 D:\xampp\htdocs\locadora\system\View\View.php(217): CodeIgniter\View\View->CodeIgniter\View\{closure}()
#3 D:\xampp\htdocs\locadora\system\Common.php(1092): CodeIgniter\View\View->render('Funcionario_vie...', Array, true)
#4 D:\xampp\htdocs\locadora\app\Controllers\Funcionario.php(18): view('Funcionario_vie...', Array)
#5 D:\xampp\htdocs\locadora\system\CodeIgniter.php(802): App\Controllers\Funcionario->index()
#6 D:\xampp\htdocs\locadora\system\CodeIgniter.php(399): CodeIgniter\CodeIgniter->runController(Object(App\Controllers\Funcionario))
#7 D:\xampp\htdocs\locadora\system\CodeIgniter.php(317): CodeIgniter\CodeIgniter->handleRequest(NULL, Object(Config\Cache), false)
#8 D:\xampp\htdocs\locadora\public\index.php(37): CodeIgniter\CodeIgniter->run()
#9 {main}
CRITICAL - 2021-10-13 18:20:47 --> Undefined variable $tabela
#0 D:\xampp\htdocs\locadora\app\Views\Funcionario_view.php(14): CodeIgniter\Debug\Exceptions->errorHandler(2, 'Undefined varia...', 'D:\\xampp\\htdocs...', 14)
#1 D:\xampp\htdocs\locadora\system\View\View.php(214): include('D:\\xampp\\htdocs...')
#2 D:\xampp\htdocs\locadora\system\View\View.php(217): CodeIgniter\View\View->CodeIgniter\View\{closure}()
#3 D:\xampp\htdocs\locadora\system\Common.php(1092): CodeIgniter\View\View->render('Funcionario_vie...', Array, true)
#4 D:\xampp\htdocs\locadora\app\Controllers\Funcionario.php(18): view('Funcionario_vie...', Array)
#5 D:\xampp\htdocs\locadora\system\CodeIgniter.php(802): App\Controllers\Funcionario->index()
#6 D:\xampp\htdocs\locadora\system\CodeIgniter.php(399): CodeIgniter\CodeIgniter->runController(Object(App\Controllers\Funcionario))
#7 D:\xampp\htdocs\locadora\system\CodeIgniter.php(317): CodeIgniter\CodeIgniter->handleRequest(NULL, Object(Config\Cache), false)
#8 D:\xampp\htdocs\locadora\public\index.php(37): CodeIgniter\CodeIgniter->run()
#9 {main}
CRITICAL - 2021-10-13 18:21:05 --> Undefined variable $tabela
#0 D:\xampp\htdocs\locadora\app\Views\Funcionario_view.php(14): CodeIgniter\Debug\Exceptions->errorHandler(2, 'Undefined varia...', 'D:\\xampp\\htdocs...', 14)
#1 D:\xampp\htdocs\locadora\system\View\View.php(214): include('D:\\xampp\\htdocs...')
#2 D:\xampp\htdocs\locadora\system\View\View.php(217): CodeIgniter\View\View->CodeIgniter\View\{closure}()
#3 D:\xampp\htdocs\locadora\system\Common.php(1092): CodeIgniter\View\View->render('Funcionario_vie...', Array, true)
#4 D:\xampp\htdocs\locadora\app\Controllers\Funcionario.php(18): view('Funcionario_vie...', Array)
#5 D:\xampp\htdocs\locadora\system\CodeIgniter.php(802): App\Controllers\Funcionario->index()
#6 D:\xampp\htdocs\locadora\system\CodeIgniter.php(399): CodeIgniter\CodeIgniter->runController(Object(App\Controllers\Funcionario))
#7 D:\xampp\htdocs\locadora\system\CodeIgniter.php(317): CodeIgniter\CodeIgniter->handleRequest(NULL, Object(Config\Cache), false)
#8 D:\xampp\htdocs\locadora\public\index.php(37): CodeIgniter\CodeIgniter->run()
#9 {main}
CRITICAL - 2021-10-13 18:21:05 --> Undefined variable $tabela
#0 D:\xampp\htdocs\locadora\app\Views\Funcionario_view.php(14): CodeIgniter\Debug\Exceptions->errorHandler(2, 'Undefined varia...', 'D:\\xampp\\htdocs...', 14)
#1 D:\xampp\htdocs\locadora\system\View\View.php(214): include('D:\\xampp\\htdocs...')
#2 D:\xampp\htdocs\locadora\system\View\View.php(217): CodeIgniter\View\View->CodeIgniter\View\{closure}()
#3 D:\xampp\htdocs\locadora\system\Common.php(1092): CodeIgniter\View\View->render('Funcionario_vie...', Array, true)
#4 D:\xampp\htdocs\locadora\app\Controllers\Funcionario.php(18): view('Funcionario_vie...', Array)
#5 D:\xampp\htdocs\locadora\system\CodeIgniter.php(802): App\Controllers\Funcionario->index()
#6 D:\xampp\htdocs\locadora\system\CodeIgniter.php(399): CodeIgniter\CodeIgniter->runController(Object(App\Controllers\Funcionario))
#7 D:\xampp\htdocs\locadora\system\CodeIgniter.php(317): CodeIgniter\CodeIgniter->handleRequest(NULL, Object(Config\Cache), false)
#8 D:\xampp\htdocs\locadora\public\index.php(37): CodeIgniter\CodeIgniter->run()
#9 {main}
