ERROR - 2021-10-11 17:46:13 --> Cannot delete or update a parent row: a foreign key constraint fails (`bd_locadora`.`tb_funcionario`, CONSTRAINT `pk_cargo_fk_funcionario` FOREIGN KEY (`TB_CARGO_ID`) REFERENCES `tb_cargo` (`TB_CARGO_ID`))
CRITICAL - 2021-10-11 17:46:13 --> Cannot delete or update a parent row: a foreign key constraint fails (`bd_locadora`.`tb_funcionario`, CONSTRAINT `pk_cargo_fk_funcionario` FOREIGN KEY (`TB_CARGO_ID`) REFERENCES `tb_cargo` (`TB_CARGO_ID`))
#0 D:\xampp\htdocs\locadora\system\Database\MySQLi\Connection.php(280): mysqli->query('DELETE FROM `tb...')
#1 D:\xampp\htdocs\locadora\system\Database\BaseConnection.php(663): CodeIgniter\Database\MySQLi\Connection->execute('DELETE FROM `tb...')
#2 D:\xampp\htdocs\locadora\system\Database\BaseConnection.php(591): CodeIgniter\Database\BaseConnection->simpleQuery('DELETE FROM `tb...')
#3 D:\xampp\htdocs\locadora\system\Database\BaseBuilder.php(2175): CodeIgniter\Database\BaseConnection->query('DELETE FROM `tb...', Array, false)
#4 D:\xampp\htdocs\locadora\system\Model.php(359): CodeIgniter\Database\BaseBuilder->delete()
#5 D:\xampp\htdocs\locadora\system\BaseModel.php(963): CodeIgniter\Model->doDelete(Array, false)
#6 D:\xampp\htdocs\locadora\app\Controllers\Cargo.php(79): CodeIgniter\BaseModel->delete(Array)
#7 D:\xampp\htdocs\locadora\system\CodeIgniter.php(802): App\Controllers\Cargo->ExcluirCargo('5')
#8 D:\xampp\htdocs\locadora\system\CodeIgniter.php(399): CodeIgniter\CodeIgniter->runController(Object(App\Controllers\Cargo))
#9 D:\xampp\htdocs\locadora\system\CodeIgniter.php(317): CodeIgniter\CodeIgniter->handleRequest(NULL, Object(Config\Cache), false)
#10 D:\xampp\htdocs\locadora\public\index.php(37): CodeIgniter\CodeIgniter->run()
#11 {main}
ERROR - 2021-10-11 18:11:19 --> Cannot delete or update a parent row: a foreign key constraint fails (`bd_locadora`.`tb_funcionario`, CONSTRAINT `pk_cargo_fk_funcionario` FOREIGN KEY (`TB_CARGO_ID`) REFERENCES `tb_cargo` (`TB_CARGO_ID`))
CRITICAL - 2021-10-11 18:11:19 --> Cannot delete or update a parent row: a foreign key constraint fails (`bd_locadora`.`tb_funcionario`, CONSTRAINT `pk_cargo_fk_funcionario` FOREIGN KEY (`TB_CARGO_ID`) REFERENCES `tb_cargo` (`TB_CARGO_ID`))
#0 D:\xampp\htdocs\locadora\system\Database\MySQLi\Connection.php(280): mysqli->query('DELETE FROM `tb...')
#1 D:\xampp\htdocs\locadora\system\Database\BaseConnection.php(663): CodeIgniter\Database\MySQLi\Connection->execute('DELETE FROM `tb...')
#2 D:\xampp\htdocs\locadora\system\Database\BaseConnection.php(591): CodeIgniter\Database\BaseConnection->simpleQuery('DELETE FROM `tb...')
#3 D:\xampp\htdocs\locadora\system\Database\BaseBuilder.php(2175): CodeIgniter\Database\BaseConnection->query('DELETE FROM `tb...', Array, false)
#4 D:\xampp\htdocs\locadora\system\Model.php(359): CodeIgniter\Database\BaseBuilder->delete()
#5 D:\xampp\htdocs\locadora\system\BaseModel.php(963): CodeIgniter\Model->doDelete(Array, false)
#6 D:\xampp\htdocs\locadora\app\Controllers\Cargo.php(79): CodeIgniter\BaseModel->delete(Array)
#7 D:\xampp\htdocs\locadora\system\CodeIgniter.php(802): App\Controllers\Cargo->excluir('5')
#8 D:\xampp\htdocs\locadora\system\CodeIgniter.php(399): CodeIgniter\CodeIgniter->runController(Object(App\Controllers\Cargo))
#9 D:\xampp\htdocs\locadora\system\CodeIgniter.php(317): CodeIgniter\CodeIgniter->handleRequest(NULL, Object(Config\Cache), false)
#10 D:\xampp\htdocs\locadora\public\index.php(37): CodeIgniter\CodeIgniter->run()
#11 {main}
