CRITICAL - 2021-10-06 17:54:25 --> Undefined variable $tabela
#0 D:\xampp\htdocs\locadora\app\Views\CargoView.php(14): CodeIgniter\Debug\Exceptions->errorHandler(2, 'Undefined varia...', 'D:\\xampp\\htdocs...', 14)
#1 D:\xampp\htdocs\locadora\system\View\View.php(214): include('D:\\xampp\\htdocs...')
#2 D:\xampp\htdocs\locadora\system\View\View.php(217): CodeIgniter\View\View->CodeIgniter\View\{closure}()
#3 D:\xampp\htdocs\locadora\system\Common.php(1092): CodeIgniter\View\View->render('CargoView', Array, true)
#4 D:\xampp\htdocs\locadora\app\Controllers\Cargo.php(16): view('CargoView', Array)
#5 D:\xampp\htdocs\locadora\system\CodeIgniter.php(802): App\Controllers\Cargo->index()
#6 D:\xampp\htdocs\locadora\system\CodeIgniter.php(399): CodeIgniter\CodeIgniter->runController(Object(App\Controllers\Cargo))
#7 D:\xampp\htdocs\locadora\system\CodeIgniter.php(317): CodeIgniter\CodeIgniter->handleRequest(NULL, Object(Config\Cache), false)
#8 D:\xampp\htdocs\locadora\public\index.php(37): CodeIgniter\CodeIgniter->run()
#9 {main}
CRITICAL - 2021-10-06 17:56:38 --> Undefined variable $tabela
#0 D:\xampp\htdocs\locadora\app\Views\CargoView.php(14): CodeIgniter\Debug\Exceptions->errorHandler(2, 'Undefined varia...', 'D:\\xampp\\htdocs...', 14)
#1 D:\xampp\htdocs\locadora\system\View\View.php(214): include('D:\\xampp\\htdocs...')
#2 D:\xampp\htdocs\locadora\system\View\View.php(217): CodeIgniter\View\View->CodeIgniter\View\{closure}()
#3 D:\xampp\htdocs\locadora\system\Common.php(1092): CodeIgniter\View\View->render('CargoView', Array, true)
#4 D:\xampp\htdocs\locadora\app\Controllers\Cargo.php(16): view('CargoView', Array)
#5 D:\xampp\htdocs\locadora\system\CodeIgniter.php(802): App\Controllers\Cargo->index()
#6 D:\xampp\htdocs\locadora\system\CodeIgniter.php(399): CodeIgniter\CodeIgniter->runController(Object(App\Controllers\Cargo))
#7 D:\xampp\htdocs\locadora\system\CodeIgniter.php(317): CodeIgniter\CodeIgniter->handleRequest(NULL, Object(Config\Cache), false)
#8 D:\xampp\htdocs\locadora\public\index.php(37): CodeIgniter\CodeIgniter->run()
#9 {main}
CRITICAL - 2021-10-06 17:56:40 --> Undefined variable $tabela
#0 D:\xampp\htdocs\locadora\app\Views\CargoView.php(14): CodeIgniter\Debug\Exceptions->errorHandler(2, 'Undefined varia...', 'D:\\xampp\\htdocs...', 14)
#1 D:\xampp\htdocs\locadora\system\View\View.php(214): include('D:\\xampp\\htdocs...')
#2 D:\xampp\htdocs\locadora\system\View\View.php(217): CodeIgniter\View\View->CodeIgniter\View\{closure}()
#3 D:\xampp\htdocs\locadora\system\Common.php(1092): CodeIgniter\View\View->render('CargoView', Array, true)
#4 D:\xampp\htdocs\locadora\app\Controllers\Cargo.php(16): view('CargoView', Array)
#5 D:\xampp\htdocs\locadora\system\CodeIgniter.php(802): App\Controllers\Cargo->index()
#6 D:\xampp\htdocs\locadora\system\CodeIgniter.php(399): CodeIgniter\CodeIgniter->runController(Object(App\Controllers\Cargo))
#7 D:\xampp\htdocs\locadora\system\CodeIgniter.php(317): CodeIgniter\CodeIgniter->handleRequest(NULL, Object(Config\Cache), false)
#8 D:\xampp\htdocs\locadora\public\index.php(37): CodeIgniter\CodeIgniter->run()
#9 {main}
CRITICAL - 2021-10-06 17:56:40 --> Undefined variable $tabela
#0 D:\xampp\htdocs\locadora\app\Views\CargoView.php(14): CodeIgniter\Debug\Exceptions->errorHandler(2, 'Undefined varia...', 'D:\\xampp\\htdocs...', 14)
#1 D:\xampp\htdocs\locadora\system\View\View.php(214): include('D:\\xampp\\htdocs...')
#2 D:\xampp\htdocs\locadora\system\View\View.php(217): CodeIgniter\View\View->CodeIgniter\View\{closure}()
#3 D:\xampp\htdocs\locadora\system\Common.php(1092): CodeIgniter\View\View->render('CargoView', Array, true)
#4 D:\xampp\htdocs\locadora\app\Controllers\Cargo.php(16): view('CargoView', Array)
#5 D:\xampp\htdocs\locadora\system\CodeIgniter.php(802): App\Controllers\Cargo->index()
#6 D:\xampp\htdocs\locadora\system\CodeIgniter.php(399): CodeIgniter\CodeIgniter->runController(Object(App\Controllers\Cargo))
#7 D:\xampp\htdocs\locadora\system\CodeIgniter.php(317): CodeIgniter\CodeIgniter->handleRequest(NULL, Object(Config\Cache), false)
#8 D:\xampp\htdocs\locadora\public\index.php(37): CodeIgniter\CodeIgniter->run()
#9 {main}
CRITICAL - 2021-10-06 18:34:31 --> Undefined variable $tabela
#0 D:\xampp\htdocs\locadora\app\Views\CargoView.php(14): CodeIgniter\Debug\Exceptions->errorHandler(2, 'Undefined varia...', 'D:\\xampp\\htdocs...', 14)
#1 D:\xampp\htdocs\locadora\system\View\View.php(214): include('D:\\xampp\\htdocs...')
#2 D:\xampp\htdocs\locadora\system\View\View.php(217): CodeIgniter\View\View->CodeIgniter\View\{closure}()
#3 D:\xampp\htdocs\locadora\system\Common.php(1092): CodeIgniter\View\View->render('CargoView', Array, true)
#4 D:\xampp\htdocs\locadora\app\Controllers\Cargo.php(16): view('CargoView', Array)
#5 D:\xampp\htdocs\locadora\system\CodeIgniter.php(802): App\Controllers\Cargo->index()
#6 D:\xampp\htdocs\locadora\system\CodeIgniter.php(399): CodeIgniter\CodeIgniter->runController(Object(App\Controllers\Cargo))
#7 D:\xampp\htdocs\locadora\system\CodeIgniter.php(317): CodeIgniter\CodeIgniter->handleRequest(NULL, Object(Config\Cache), false)
#8 D:\xampp\htdocs\locadora\public\index.php(37): CodeIgniter\CodeIgniter->run()
#9 {main}
CRITICAL - 2021-10-06 18:34:33 --> Undefined variable $tabela
#0 D:\xampp\htdocs\locadora\app\Views\CargoView.php(14): CodeIgniter\Debug\Exceptions->errorHandler(2, 'Undefined varia...', 'D:\\xampp\\htdocs...', 14)
#1 D:\xampp\htdocs\locadora\system\View\View.php(214): include('D:\\xampp\\htdocs...')
#2 D:\xampp\htdocs\locadora\system\View\View.php(217): CodeIgniter\View\View->CodeIgniter\View\{closure}()
#3 D:\xampp\htdocs\locadora\system\Common.php(1092): CodeIgniter\View\View->render('CargoView', Array, true)
#4 D:\xampp\htdocs\locadora\app\Controllers\Cargo.php(16): view('CargoView', Array)
#5 D:\xampp\htdocs\locadora\system\CodeIgniter.php(802): App\Controllers\Cargo->index()
#6 D:\xampp\htdocs\locadora\system\CodeIgniter.php(399): CodeIgniter\CodeIgniter->runController(Object(App\Controllers\Cargo))
#7 D:\xampp\htdocs\locadora\system\CodeIgniter.php(317): CodeIgniter\CodeIgniter->handleRequest(NULL, Object(Config\Cache), false)
#8 D:\xampp\htdocs\locadora\public\index.php(37): CodeIgniter\CodeIgniter->run()
#9 {main}
CRITICAL - 2021-10-06 18:34:34 --> Undefined variable $tabela
#0 D:\xampp\htdocs\locadora\app\Views\CargoView.php(14): CodeIgniter\Debug\Exceptions->errorHandler(2, 'Undefined varia...', 'D:\\xampp\\htdocs...', 14)
#1 D:\xampp\htdocs\locadora\system\View\View.php(214): include('D:\\xampp\\htdocs...')
#2 D:\xampp\htdocs\locadora\system\View\View.php(217): CodeIgniter\View\View->CodeIgniter\View\{closure}()
#3 D:\xampp\htdocs\locadora\system\Common.php(1092): CodeIgniter\View\View->render('CargoView', Array, true)
#4 D:\xampp\htdocs\locadora\app\Controllers\Cargo.php(16): view('CargoView', Array)
#5 D:\xampp\htdocs\locadora\system\CodeIgniter.php(802): App\Controllers\Cargo->index()
#6 D:\xampp\htdocs\locadora\system\CodeIgniter.php(399): CodeIgniter\CodeIgniter->runController(Object(App\Controllers\Cargo))
#7 D:\xampp\htdocs\locadora\system\CodeIgniter.php(317): CodeIgniter\CodeIgniter->handleRequest(NULL, Object(Config\Cache), false)
#8 D:\xampp\htdocs\locadora\public\index.php(37): CodeIgniter\CodeIgniter->run()
#9 {main}
CRITICAL - 2021-10-06 18:35:59 --> Undefined variable $tabela
#0 D:\xampp\htdocs\locadora\app\Views\CargoView.php(14): CodeIgniter\Debug\Exceptions->errorHandler(2, 'Undefined varia...', 'D:\\xampp\\htdocs...', 14)
#1 D:\xampp\htdocs\locadora\system\View\View.php(214): include('D:\\xampp\\htdocs...')
#2 D:\xampp\htdocs\locadora\system\View\View.php(217): CodeIgniter\View\View->CodeIgniter\View\{closure}()
#3 D:\xampp\htdocs\locadora\system\Common.php(1092): CodeIgniter\View\View->render('CargoView', Array, true)
#4 D:\xampp\htdocs\locadora\app\Controllers\Cargo.php(16): view('CargoView', Array)
#5 D:\xampp\htdocs\locadora\system\CodeIgniter.php(802): App\Controllers\Cargo->index()
#6 D:\xampp\htdocs\locadora\system\CodeIgniter.php(399): CodeIgniter\CodeIgniter->runController(Object(App\Controllers\Cargo))
#7 D:\xampp\htdocs\locadora\system\CodeIgniter.php(317): CodeIgniter\CodeIgniter->handleRequest(NULL, Object(Config\Cache), false)
#8 D:\xampp\htdocs\locadora\public\index.php(37): CodeIgniter\CodeIgniter->run()
#9 {main}
CRITICAL - 2021-10-06 18:36:00 --> Undefined variable $tabela
#0 D:\xampp\htdocs\locadora\app\Views\CargoView.php(14): CodeIgniter\Debug\Exceptions->errorHandler(2, 'Undefined varia...', 'D:\\xampp\\htdocs...', 14)
#1 D:\xampp\htdocs\locadora\system\View\View.php(214): include('D:\\xampp\\htdocs...')
#2 D:\xampp\htdocs\locadora\system\View\View.php(217): CodeIgniter\View\View->CodeIgniter\View\{closure}()
#3 D:\xampp\htdocs\locadora\system\Common.php(1092): CodeIgniter\View\View->render('CargoView', Array, true)
#4 D:\xampp\htdocs\locadora\app\Controllers\Cargo.php(16): view('CargoView', Array)
#5 D:\xampp\htdocs\locadora\system\CodeIgniter.php(802): App\Controllers\Cargo->index()
#6 D:\xampp\htdocs\locadora\system\CodeIgniter.php(399): CodeIgniter\CodeIgniter->runController(Object(App\Controllers\Cargo))
#7 D:\xampp\htdocs\locadora\system\CodeIgniter.php(317): CodeIgniter\CodeIgniter->handleRequest(NULL, Object(Config\Cache), false)
#8 D:\xampp\htdocs\locadora\public\index.php(37): CodeIgniter\CodeIgniter->run()
#9 {main}
CRITICAL - 2021-10-06 18:36:00 --> Undefined variable $tabela
#0 D:\xampp\htdocs\locadora\app\Views\CargoView.php(14): CodeIgniter\Debug\Exceptions->errorHandler(2, 'Undefined varia...', 'D:\\xampp\\htdocs...', 14)
#1 D:\xampp\htdocs\locadora\system\View\View.php(214): include('D:\\xampp\\htdocs...')
#2 D:\xampp\htdocs\locadora\system\View\View.php(217): CodeIgniter\View\View->CodeIgniter\View\{closure}()
#3 D:\xampp\htdocs\locadora\system\Common.php(1092): CodeIgniter\View\View->render('CargoView', Array, true)
#4 D:\xampp\htdocs\locadora\app\Controllers\Cargo.php(16): view('CargoView', Array)
#5 D:\xampp\htdocs\locadora\system\CodeIgniter.php(802): App\Controllers\Cargo->index()
#6 D:\xampp\htdocs\locadora\system\CodeIgniter.php(399): CodeIgniter\CodeIgniter->runController(Object(App\Controllers\Cargo))
#7 D:\xampp\htdocs\locadora\system\CodeIgniter.php(317): CodeIgniter\CodeIgniter->handleRequest(NULL, Object(Config\Cache), false)
#8 D:\xampp\htdocs\locadora\public\index.php(37): CodeIgniter\CodeIgniter->run()
#9 {main}
CRITICAL - 2021-10-06 18:36:01 --> Undefined variable $tabela
#0 D:\xampp\htdocs\locadora\app\Views\CargoView.php(14): CodeIgniter\Debug\Exceptions->errorHandler(2, 'Undefined varia...', 'D:\\xampp\\htdocs...', 14)
#1 D:\xampp\htdocs\locadora\system\View\View.php(214): include('D:\\xampp\\htdocs...')
#2 D:\xampp\htdocs\locadora\system\View\View.php(217): CodeIgniter\View\View->CodeIgniter\View\{closure}()
#3 D:\xampp\htdocs\locadora\system\Common.php(1092): CodeIgniter\View\View->render('CargoView', Array, true)
#4 D:\xampp\htdocs\locadora\app\Controllers\Cargo.php(16): view('CargoView', Array)
#5 D:\xampp\htdocs\locadora\system\CodeIgniter.php(802): App\Controllers\Cargo->index()
#6 D:\xampp\htdocs\locadora\system\CodeIgniter.php(399): CodeIgniter\CodeIgniter->runController(Object(App\Controllers\Cargo))
#7 D:\xampp\htdocs\locadora\system\CodeIgniter.php(317): CodeIgniter\CodeIgniter->handleRequest(NULL, Object(Config\Cache), false)
#8 D:\xampp\htdocs\locadora\public\index.php(37): CodeIgniter\CodeIgniter->run()
#9 {main}
CRITICAL - 2021-10-06 18:41:05 --> Undefined variable $tabela
#0 D:\xampp\htdocs\locadora\app\Views\CargoView.php(14): CodeIgniter\Debug\Exceptions->errorHandler(2, 'Undefined varia...', 'D:\\xampp\\htdocs...', 14)
#1 D:\xampp\htdocs\locadora\system\View\View.php(214): include('D:\\xampp\\htdocs...')
#2 D:\xampp\htdocs\locadora\system\View\View.php(217): CodeIgniter\View\View->CodeIgniter\View\{closure}()
#3 D:\xampp\htdocs\locadora\system\Common.php(1092): CodeIgniter\View\View->render('CargoView', Array, true)
#4 D:\xampp\htdocs\locadora\app\Controllers\Cargo.php(17): view('CargoView', Array)
#5 D:\xampp\htdocs\locadora\system\CodeIgniter.php(802): App\Controllers\Cargo->index()
#6 D:\xampp\htdocs\locadora\system\CodeIgniter.php(399): CodeIgniter\CodeIgniter->runController(Object(App\Controllers\Cargo))
#7 D:\xampp\htdocs\locadora\system\CodeIgniter.php(317): CodeIgniter\CodeIgniter->handleRequest(NULL, Object(Config\Cache), false)
#8 D:\xampp\htdocs\locadora\public\index.php(37): CodeIgniter\CodeIgniter->run()
#9 {main}
CRITICAL - 2021-10-06 18:41:05 --> Undefined variable $tabela
#0 D:\xampp\htdocs\locadora\app\Views\CargoView.php(14): CodeIgniter\Debug\Exceptions->errorHandler(2, 'Undefined varia...', 'D:\\xampp\\htdocs...', 14)
#1 D:\xampp\htdocs\locadora\system\View\View.php(214): include('D:\\xampp\\htdocs...')
#2 D:\xampp\htdocs\locadora\system\View\View.php(217): CodeIgniter\View\View->CodeIgniter\View\{closure}()
#3 D:\xampp\htdocs\locadora\system\Common.php(1092): CodeIgniter\View\View->render('CargoView', Array, true)
#4 D:\xampp\htdocs\locadora\app\Controllers\Cargo.php(17): view('CargoView', Array)
#5 D:\xampp\htdocs\locadora\system\CodeIgniter.php(802): App\Controllers\Cargo->index()
#6 D:\xampp\htdocs\locadora\system\CodeIgniter.php(399): CodeIgniter\CodeIgniter->runController(Object(App\Controllers\Cargo))
#7 D:\xampp\htdocs\locadora\system\CodeIgniter.php(317): CodeIgniter\CodeIgniter->handleRequest(NULL, Object(Config\Cache), false)
#8 D:\xampp\htdocs\locadora\public\index.php(37): CodeIgniter\CodeIgniter->run()
#9 {main}
CRITICAL - 2021-10-06 18:41:06 --> Undefined variable $tabela
#0 D:\xampp\htdocs\locadora\app\Views\CargoView.php(14): CodeIgniter\Debug\Exceptions->errorHandler(2, 'Undefined varia...', 'D:\\xampp\\htdocs...', 14)
#1 D:\xampp\htdocs\locadora\system\View\View.php(214): include('D:\\xampp\\htdocs...')
#2 D:\xampp\htdocs\locadora\system\View\View.php(217): CodeIgniter\View\View->CodeIgniter\View\{closure}()
#3 D:\xampp\htdocs\locadora\system\Common.php(1092): CodeIgniter\View\View->render('CargoView', Array, true)
#4 D:\xampp\htdocs\locadora\app\Controllers\Cargo.php(17): view('CargoView', Array)
#5 D:\xampp\htdocs\locadora\system\CodeIgniter.php(802): App\Controllers\Cargo->index()
#6 D:\xampp\htdocs\locadora\system\CodeIgniter.php(399): CodeIgniter\CodeIgniter->runController(Object(App\Controllers\Cargo))
#7 D:\xampp\htdocs\locadora\system\CodeIgniter.php(317): CodeIgniter\CodeIgniter->handleRequest(NULL, Object(Config\Cache), false)
#8 D:\xampp\htdocs\locadora\public\index.php(37): CodeIgniter\CodeIgniter->run()
#9 {main}
CRITICAL - 2021-10-06 18:41:08 --> Undefined variable $tabela
#0 D:\xampp\htdocs\locadora\app\Views\CargoView.php(14): CodeIgniter\Debug\Exceptions->errorHandler(2, 'Undefined varia...', 'D:\\xampp\\htdocs...', 14)
#1 D:\xampp\htdocs\locadora\system\View\View.php(214): include('D:\\xampp\\htdocs...')
#2 D:\xampp\htdocs\locadora\system\View\View.php(217): CodeIgniter\View\View->CodeIgniter\View\{closure}()
#3 D:\xampp\htdocs\locadora\system\Common.php(1092): CodeIgniter\View\View->render('CargoView', Array, true)
#4 D:\xampp\htdocs\locadora\app\Controllers\Cargo.php(17): view('CargoView', Array)
#5 D:\xampp\htdocs\locadora\system\CodeIgniter.php(802): App\Controllers\Cargo->index()
#6 D:\xampp\htdocs\locadora\system\CodeIgniter.php(399): CodeIgniter\CodeIgniter->runController(Object(App\Controllers\Cargo))
#7 D:\xampp\htdocs\locadora\system\CodeIgniter.php(317): CodeIgniter\CodeIgniter->handleRequest(NULL, Object(Config\Cache), false)
#8 D:\xampp\htdocs\locadora\public\index.php(37): CodeIgniter\CodeIgniter->run()
#9 {main}
CRITICAL - 2021-10-06 18:41:23 --> Undefined variable $tabela
#0 D:\xampp\htdocs\locadora\app\Views\CargoView.php(14): CodeIgniter\Debug\Exceptions->errorHandler(2, 'Undefined varia...', 'D:\\xampp\\htdocs...', 14)
#1 D:\xampp\htdocs\locadora\system\View\View.php(214): include('D:\\xampp\\htdocs...')
#2 D:\xampp\htdocs\locadora\system\View\View.php(217): CodeIgniter\View\View->CodeIgniter\View\{closure}()
#3 D:\xampp\htdocs\locadora\system\Common.php(1092): CodeIgniter\View\View->render('CargoView', Array, true)
#4 D:\xampp\htdocs\locadora\app\Controllers\Cargo.php(17): view('CargoView', Array)
#5 D:\xampp\htdocs\locadora\system\CodeIgniter.php(802): App\Controllers\Cargo->index()
#6 D:\xampp\htdocs\locadora\system\CodeIgniter.php(399): CodeIgniter\CodeIgniter->runController(Object(App\Controllers\Cargo))
#7 D:\xampp\htdocs\locadora\system\CodeIgniter.php(317): CodeIgniter\CodeIgniter->handleRequest(NULL, Object(Config\Cache), false)
#8 D:\xampp\htdocs\locadora\public\index.php(37): CodeIgniter\CodeIgniter->run()
#9 {main}
CRITICAL - 2021-10-06 18:48:08 --> Undefined variable $cargo
#0 D:\xampp\htdocs\locadora\app\Views\CargoView.php(14): CodeIgniter\Debug\Exceptions->errorHandler(2, 'Undefined varia...', 'D:\\xampp\\htdocs...', 14)
#1 D:\xampp\htdocs\locadora\system\View\View.php(214): include('D:\\xampp\\htdocs...')
#2 D:\xampp\htdocs\locadora\system\View\View.php(217): CodeIgniter\View\View->CodeIgniter\View\{closure}()
#3 D:\xampp\htdocs\locadora\system\Common.php(1092): CodeIgniter\View\View->render('CargoView', Array, true)
#4 D:\xampp\htdocs\locadora\app\Controllers\Cargo.php(17): view('CargoView', Array)
#5 D:\xampp\htdocs\locadora\system\CodeIgniter.php(802): App\Controllers\Cargo->index()
#6 D:\xampp\htdocs\locadora\system\CodeIgniter.php(399): CodeIgniter\CodeIgniter->runController(Object(App\Controllers\Cargo))
#7 D:\xampp\htdocs\locadora\system\CodeIgniter.php(317): CodeIgniter\CodeIgniter->handleRequest(NULL, Object(Config\Cache), false)
#8 D:\xampp\htdocs\locadora\public\index.php(37): CodeIgniter\CodeIgniter->run()
#9 {main}
CRITICAL - 2021-10-06 18:48:08 --> Undefined variable $cargo
#0 D:\xampp\htdocs\locadora\app\Views\CargoView.php(14): CodeIgniter\Debug\Exceptions->errorHandler(2, 'Undefined varia...', 'D:\\xampp\\htdocs...', 14)
#1 D:\xampp\htdocs\locadora\system\View\View.php(214): include('D:\\xampp\\htdocs...')
#2 D:\xampp\htdocs\locadora\system\View\View.php(217): CodeIgniter\View\View->CodeIgniter\View\{closure}()
#3 D:\xampp\htdocs\locadora\system\Common.php(1092): CodeIgniter\View\View->render('CargoView', Array, true)
#4 D:\xampp\htdocs\locadora\app\Controllers\Cargo.php(17): view('CargoView', Array)
#5 D:\xampp\htdocs\locadora\system\CodeIgniter.php(802): App\Controllers\Cargo->index()
#6 D:\xampp\htdocs\locadora\system\CodeIgniter.php(399): CodeIgniter\CodeIgniter->runController(Object(App\Controllers\Cargo))
#7 D:\xampp\htdocs\locadora\system\CodeIgniter.php(317): CodeIgniter\CodeIgniter->handleRequest(NULL, Object(Config\Cache), false)
#8 D:\xampp\htdocs\locadora\public\index.php(37): CodeIgniter\CodeIgniter->run()
#9 {main}
CRITICAL - 2021-10-06 18:48:21 --> CodeIgniter\View\Table::_prepArgs(): Argument #1 ($args) must be of type array, string given, called in D:\xampp\htdocs\locadora\system\View\Table.php on line 430
#0 D:\xampp\htdocs\locadora\system\View\Table.php(430): CodeIgniter\View\Table->_prepArgs('<table border="...')
#1 D:\xampp\htdocs\locadora\system\View\Table.php(272): CodeIgniter\View\Table->_setFromArray(Array)
#2 D:\xampp\htdocs\locadora\app\Views\CargoView.php(14): CodeIgniter\View\Table->generate(Array)
#3 D:\xampp\htdocs\locadora\system\View\View.php(214): include('D:\\xampp\\htdocs...')
#4 D:\xampp\htdocs\locadora\system\View\View.php(217): CodeIgniter\View\View->CodeIgniter\View\{closure}()
#5 D:\xampp\htdocs\locadora\system\Common.php(1092): CodeIgniter\View\View->render('CargoView', Array, true)
#6 D:\xampp\htdocs\locadora\app\Controllers\Cargo.php(17): view('CargoView', Array)
#7 D:\xampp\htdocs\locadora\system\CodeIgniter.php(802): App\Controllers\Cargo->index()
#8 D:\xampp\htdocs\locadora\system\CodeIgniter.php(399): CodeIgniter\CodeIgniter->runController(Object(App\Controllers\Cargo))
#9 D:\xampp\htdocs\locadora\system\CodeIgniter.php(317): CodeIgniter\CodeIgniter->handleRequest(NULL, Object(Config\Cache), false)
#10 D:\xampp\htdocs\locadora\public\index.php(37): CodeIgniter\CodeIgniter->run()
#11 {main}
CRITICAL - 2021-10-06 19:22:39 --> Too few arguments to function App\Controllers\Cargo::EditarCargo(), 0 passed in D:\xampp\htdocs\locadora\system\CodeIgniter.php on line 802 and exactly 1 expected
#0 D:\xampp\htdocs\locadora\system\CodeIgniter.php(802): App\Controllers\Cargo->EditarCargo()
#1 D:\xampp\htdocs\locadora\system\CodeIgniter.php(399): CodeIgniter\CodeIgniter->runController(Object(App\Controllers\Cargo))
#2 D:\xampp\htdocs\locadora\system\CodeIgniter.php(317): CodeIgniter\CodeIgniter->handleRequest(NULL, Object(Config\Cache), false)
#3 D:\xampp\htdocs\locadora\public\index.php(37): CodeIgniter\CodeIgniter->run()
#4 {main}
CRITICAL - 2021-10-06 19:27:08 --> Too few arguments to function App\Controllers\Cargo::EditarCargo(), 0 passed in D:\xampp\htdocs\locadora\system\CodeIgniter.php on line 802 and exactly 1 expected
#0 D:\xampp\htdocs\locadora\system\CodeIgniter.php(802): App\Controllers\Cargo->EditarCargo()
#1 D:\xampp\htdocs\locadora\system\CodeIgniter.php(399): CodeIgniter\CodeIgniter->runController(Object(App\Controllers\Cargo))
#2 D:\xampp\htdocs\locadora\system\CodeIgniter.php(317): CodeIgniter\CodeIgniter->handleRequest(NULL, Object(Config\Cache), false)
#3 D:\xampp\htdocs\locadora\public\index.php(37): CodeIgniter\CodeIgniter->run()
#4 {main}
CRITICAL - 2021-10-06 19:31:14 --> Undefined variable $alterar
#0 D:\xampp\htdocs\locadora\app\Views\EditarCargoView.php(10): CodeIgniter\Debug\Exceptions->errorHandler(2, 'Undefined varia...', 'D:\\xampp\\htdocs...', 10)
#1 D:\xampp\htdocs\locadora\system\View\View.php(214): include('D:\\xampp\\htdocs...')
#2 D:\xampp\htdocs\locadora\system\View\View.php(217): CodeIgniter\View\View->CodeIgniter\View\{closure}()
#3 D:\xampp\htdocs\locadora\system\Common.php(1092): CodeIgniter\View\View->render('EditarCargoView', Array, true)
#4 D:\xampp\htdocs\locadora\app\Controllers\Cargo.php(56): view('EditarCargoView', Array)
#5 D:\xampp\htdocs\locadora\system\CodeIgniter.php(802): App\Controllers\Cargo->EditarCargo('5')
#6 D:\xampp\htdocs\locadora\system\CodeIgniter.php(399): CodeIgniter\CodeIgniter->runController(Object(App\Controllers\Cargo))
#7 D:\xampp\htdocs\locadora\system\CodeIgniter.php(317): CodeIgniter\CodeIgniter->handleRequest(NULL, Object(Config\Cache), false)
#8 D:\xampp\htdocs\locadora\public\index.php(37): CodeIgniter\CodeIgniter->run()
#9 {main}
CRITICAL - 2021-10-06 19:31:17 --> Undefined variable $alterar
#0 D:\xampp\htdocs\locadora\app\Views\EditarCargoView.php(10): CodeIgniter\Debug\Exceptions->errorHandler(2, 'Undefined varia...', 'D:\\xampp\\htdocs...', 10)
#1 D:\xampp\htdocs\locadora\system\View\View.php(214): include('D:\\xampp\\htdocs...')
#2 D:\xampp\htdocs\locadora\system\View\View.php(217): CodeIgniter\View\View->CodeIgniter\View\{closure}()
#3 D:\xampp\htdocs\locadora\system\Common.php(1092): CodeIgniter\View\View->render('EditarCargoView', Array, true)
#4 D:\xampp\htdocs\locadora\app\Controllers\Cargo.php(56): view('EditarCargoView', Array)
#5 D:\xampp\htdocs\locadora\system\CodeIgniter.php(802): App\Controllers\Cargo->EditarCargo('5')
#6 D:\xampp\htdocs\locadora\system\CodeIgniter.php(399): CodeIgniter\CodeIgniter->runController(Object(App\Controllers\Cargo))
#7 D:\xampp\htdocs\locadora\system\CodeIgniter.php(317): CodeIgniter\CodeIgniter->handleRequest(NULL, Object(Config\Cache), false)
#8 D:\xampp\htdocs\locadora\public\index.php(37): CodeIgniter\CodeIgniter->run()
#9 {main}
CRITICAL - 2021-10-06 19:46:27 --> Undefined variable $data
#0 D:\xampp\htdocs\locadora\app\Views\CargoView.php(14): CodeIgniter\Debug\Exceptions->errorHandler(2, 'Undefined varia...', 'D:\\xampp\\htdocs...', 14)
#1 D:\xampp\htdocs\locadora\system\View\View.php(214): include('D:\\xampp\\htdocs...')
#2 D:\xampp\htdocs\locadora\system\View\View.php(217): CodeIgniter\View\View->CodeIgniter\View\{closure}()
#3 D:\xampp\htdocs\locadora\system\Common.php(1092): CodeIgniter\View\View->render('CargoView', Array, true)
#4 D:\xampp\htdocs\locadora\app\Controllers\Cargo.php(72): view('CargoView', Array)
#5 D:\xampp\htdocs\locadora\system\CodeIgniter.php(802): App\Controllers\Cargo->ViewCargos()
#6 D:\xampp\htdocs\locadora\system\CodeIgniter.php(399): CodeIgniter\CodeIgniter->runController(Object(App\Controllers\Cargo))
#7 D:\xampp\htdocs\locadora\system\CodeIgniter.php(317): CodeIgniter\CodeIgniter->handleRequest(NULL, Object(Config\Cache), false)
#8 D:\xampp\htdocs\locadora\public\index.php(37): CodeIgniter\CodeIgniter->run()
#9 {main}
ERROR - 2021-10-06 19:51:40 --> Cannot delete or update a parent row: a foreign key constraint fails (`bd_locadora`.`tb_funcionario`, CONSTRAINT `pk_cargo_fk_funcionario` FOREIGN KEY (`TB_CARGO_ID`) REFERENCES `tb_cargo` (`TB_CARGO_ID`))
CRITICAL - 2021-10-06 19:51:40 --> Cannot delete or update a parent row: a foreign key constraint fails (`bd_locadora`.`tb_funcionario`, CONSTRAINT `pk_cargo_fk_funcionario` FOREIGN KEY (`TB_CARGO_ID`) REFERENCES `tb_cargo` (`TB_CARGO_ID`))
#0 D:\xampp\htdocs\locadora\system\Database\MySQLi\Connection.php(280): mysqli->query('DELETE FROM `tb...')
#1 D:\xampp\htdocs\locadora\system\Database\BaseConnection.php(663): CodeIgniter\Database\MySQLi\Connection->execute('DELETE FROM `tb...')
#2 D:\xampp\htdocs\locadora\system\Database\BaseConnection.php(591): CodeIgniter\Database\BaseConnection->simpleQuery('DELETE FROM `tb...')
#3 D:\xampp\htdocs\locadora\system\Database\BaseBuilder.php(2175): CodeIgniter\Database\BaseConnection->query('DELETE FROM `tb...', Array, false)
#4 D:\xampp\htdocs\locadora\system\Model.php(359): CodeIgniter\Database\BaseBuilder->delete()
#5 D:\xampp\htdocs\locadora\system\BaseModel.php(963): CodeIgniter\Model->doDelete(Array, false)
#6 D:\xampp\htdocs\locadora\app\Controllers\Cargo.php(79): CodeIgniter\BaseModel->delete(Array)
#7 D:\xampp\htdocs\locadora\system\CodeIgniter.php(802): App\Controllers\Cargo->ExcluirCargo('5')
#8 D:\xampp\htdocs\locadora\system\CodeIgniter.php(399): CodeIgniter\CodeIgniter->runController(Object(App\Controllers\Cargo))
#9 D:\xampp\htdocs\locadora\system\CodeIgniter.php(317): CodeIgniter\CodeIgniter->handleRequest(NULL, Object(Config\Cache), false)
#10 D:\xampp\htdocs\locadora\public\index.php(37): CodeIgniter\CodeIgniter->run()
#11 {main}
ERROR - 2021-10-06 19:51:48 --> Cannot delete or update a parent row: a foreign key constraint fails (`bd_locadora`.`tb_funcionario`, CONSTRAINT `pk_cargo_fk_funcionario` FOREIGN KEY (`TB_CARGO_ID`) REFERENCES `tb_cargo` (`TB_CARGO_ID`))
CRITICAL - 2021-10-06 19:51:48 --> Cannot delete or update a parent row: a foreign key constraint fails (`bd_locadora`.`tb_funcionario`, CONSTRAINT `pk_cargo_fk_funcionario` FOREIGN KEY (`TB_CARGO_ID`) REFERENCES `tb_cargo` (`TB_CARGO_ID`))
#0 D:\xampp\htdocs\locadora\system\Database\MySQLi\Connection.php(280): mysqli->query('DELETE FROM `tb...')
#1 D:\xampp\htdocs\locadora\system\Database\BaseConnection.php(663): CodeIgniter\Database\MySQLi\Connection->execute('DELETE FROM `tb...')
#2 D:\xampp\htdocs\locadora\system\Database\BaseConnection.php(591): CodeIgniter\Database\BaseConnection->simpleQuery('DELETE FROM `tb...')
#3 D:\xampp\htdocs\locadora\system\Database\BaseBuilder.php(2175): CodeIgniter\Database\BaseConnection->query('DELETE FROM `tb...', Array, false)
#4 D:\xampp\htdocs\locadora\system\Model.php(359): CodeIgniter\Database\BaseBuilder->delete()
#5 D:\xampp\htdocs\locadora\system\BaseModel.php(963): CodeIgniter\Model->doDelete(Array, false)
#6 D:\xampp\htdocs\locadora\app\Controllers\Cargo.php(79): CodeIgniter\BaseModel->delete(Array)
#7 D:\xampp\htdocs\locadora\system\CodeIgniter.php(802): App\Controllers\Cargo->ExcluirCargo('5')
#8 D:\xampp\htdocs\locadora\system\CodeIgniter.php(399): CodeIgniter\CodeIgniter->runController(Object(App\Controllers\Cargo))
#9 D:\xampp\htdocs\locadora\system\CodeIgniter.php(317): CodeIgniter\CodeIgniter->handleRequest(NULL, Object(Config\Cache), false)
#10 D:\xampp\htdocs\locadora\public\index.php(37): CodeIgniter\CodeIgniter->run()
#11 {main}
ERROR - 2021-10-06 19:52:06 --> Cannot delete or update a parent row: a foreign key constraint fails (`bd_locadora`.`tb_funcionario`, CONSTRAINT `pk_cargo_fk_funcionario` FOREIGN KEY (`TB_CARGO_ID`) REFERENCES `tb_cargo` (`TB_CARGO_ID`))
CRITICAL - 2021-10-06 19:52:06 --> Cannot delete or update a parent row: a foreign key constraint fails (`bd_locadora`.`tb_funcionario`, CONSTRAINT `pk_cargo_fk_funcionario` FOREIGN KEY (`TB_CARGO_ID`) REFERENCES `tb_cargo` (`TB_CARGO_ID`))
#0 D:\xampp\htdocs\locadora\system\Database\MySQLi\Connection.php(280): mysqli->query('DELETE FROM `tb...')
#1 D:\xampp\htdocs\locadora\system\Database\BaseConnection.php(663): CodeIgniter\Database\MySQLi\Connection->execute('DELETE FROM `tb...')
#2 D:\xampp\htdocs\locadora\system\Database\BaseConnection.php(591): CodeIgniter\Database\BaseConnection->simpleQuery('DELETE FROM `tb...')
#3 D:\xampp\htdocs\locadora\system\Database\BaseBuilder.php(2175): CodeIgniter\Database\BaseConnection->query('DELETE FROM `tb...', Array, false)
#4 D:\xampp\htdocs\locadora\system\Model.php(359): CodeIgniter\Database\BaseBuilder->delete()
#5 D:\xampp\htdocs\locadora\system\BaseModel.php(963): CodeIgniter\Model->doDelete(Array, false)
#6 D:\xampp\htdocs\locadora\app\Controllers\Cargo.php(79): CodeIgniter\BaseModel->delete(Array)
#7 D:\xampp\htdocs\locadora\system\CodeIgniter.php(802): App\Controllers\Cargo->ExcluirCargo('5')
#8 D:\xampp\htdocs\locadora\system\CodeIgniter.php(399): CodeIgniter\CodeIgniter->runController(Object(App\Controllers\Cargo))
#9 D:\xampp\htdocs\locadora\system\CodeIgniter.php(317): CodeIgniter\CodeIgniter->handleRequest(NULL, Object(Config\Cache), false)
#10 D:\xampp\htdocs\locadora\public\index.php(37): CodeIgniter\CodeIgniter->run()
#11 {main}
ERROR - 2021-10-06 20:01:59 --> Cannot delete or update a parent row: a foreign key constraint fails (`bd_locadora`.`tb_funcionario`, CONSTRAINT `pk_cargo_fk_funcionario` FOREIGN KEY (`TB_CARGO_ID`) REFERENCES `tb_cargo` (`TB_CARGO_ID`))
CRITICAL - 2021-10-06 20:01:59 --> Cannot delete or update a parent row: a foreign key constraint fails (`bd_locadora`.`tb_funcionario`, CONSTRAINT `pk_cargo_fk_funcionario` FOREIGN KEY (`TB_CARGO_ID`) REFERENCES `tb_cargo` (`TB_CARGO_ID`))
#0 D:\xampp\htdocs\locadora\system\Database\MySQLi\Connection.php(280): mysqli->query('DELETE FROM `tb...')
#1 D:\xampp\htdocs\locadora\system\Database\BaseConnection.php(663): CodeIgniter\Database\MySQLi\Connection->execute('DELETE FROM `tb...')
#2 D:\xampp\htdocs\locadora\system\Database\BaseConnection.php(591): CodeIgniter\Database\BaseConnection->simpleQuery('DELETE FROM `tb...')
#3 D:\xampp\htdocs\locadora\system\Database\BaseBuilder.php(2175): CodeIgniter\Database\BaseConnection->query('DELETE FROM `tb...', Array, false)
#4 D:\xampp\htdocs\locadora\system\Model.php(359): CodeIgniter\Database\BaseBuilder->delete()
#5 D:\xampp\htdocs\locadora\system\BaseModel.php(963): CodeIgniter\Model->doDelete(Array, false)
#6 D:\xampp\htdocs\locadora\app\Controllers\Cargo.php(79): CodeIgniter\BaseModel->delete(Array)
#7 D:\xampp\htdocs\locadora\system\CodeIgniter.php(802): App\Controllers\Cargo->ExcluirCargo('5')
#8 D:\xampp\htdocs\locadora\system\CodeIgniter.php(399): CodeIgniter\CodeIgniter->runController(Object(App\Controllers\Cargo))
#9 D:\xampp\htdocs\locadora\system\CodeIgniter.php(317): CodeIgniter\CodeIgniter->handleRequest(NULL, Object(Config\Cache), false)
#10 D:\xampp\htdocs\locadora\public\index.php(37): CodeIgniter\CodeIgniter->run()
#11 {main}
