CRITICAL - 2021-10-14 17:21:04 --> Invalid file: funcionarioView.php
#0 D:\xampp\htdocs\locadora\system\View\View.php(198): CodeIgniter\Exceptions\FrameworkException::forInvalidFile('funcionarioView...')
#1 D:\xampp\htdocs\locadora\system\Common.php(1092): CodeIgniter\View\View->render('funcionarioView', Array, true)
#2 D:\xampp\htdocs\locadora\app\Controllers\Funcionario.php(14): view('funcionarioView', Array)
#3 D:\xampp\htdocs\locadora\system\CodeIgniter.php(802): App\Controllers\Funcionario->index()
#4 D:\xampp\htdocs\locadora\system\CodeIgniter.php(399): CodeIgniter\CodeIgniter->runController(Object(App\Controllers\Funcionario))
#5 D:\xampp\htdocs\locadora\system\CodeIgniter.php(317): CodeIgniter\CodeIgniter->handleRequest(NULL, Object(Config\Cache), false)
#6 D:\xampp\htdocs\locadora\public\index.php(37): CodeIgniter\CodeIgniter->run()
#7 {main}
CRITICAL - 2021-10-14 17:22:54 --> Undefined variable $tabela
#0 D:\xampp\htdocs\locadora\app\Views\Funcionario_view.php(14): CodeIgniter\Debug\Exceptions->errorHandler(2, 'Undefined varia...', 'D:\\xampp\\htdocs...', 14)
#1 D:\xampp\htdocs\locadora\system\View\View.php(214): include('D:\\xampp\\htdocs...')
#2 D:\xampp\htdocs\locadora\system\View\View.php(217): CodeIgniter\View\View->CodeIgniter\View\{closure}()
#3 D:\xampp\htdocs\locadora\system\Common.php(1092): CodeIgniter\View\View->render('Funcionario_vie...', Array, true)
#4 D:\xampp\htdocs\locadora\app\Controllers\Funcionario.php(14): view('Funcionario_vie...', Array)
#5 D:\xampp\htdocs\locadora\system\CodeIgniter.php(802): App\Controllers\Funcionario->index()
#6 D:\xampp\htdocs\locadora\system\CodeIgniter.php(399): CodeIgniter\CodeIgniter->runController(Object(App\Controllers\Funcionario))
#7 D:\xampp\htdocs\locadora\system\CodeIgniter.php(317): CodeIgniter\CodeIgniter->handleRequest(NULL, Object(Config\Cache), false)
#8 D:\xampp\htdocs\locadora\public\index.php(37): CodeIgniter\CodeIgniter->run()
#9 {main}
CRITICAL - 2021-10-14 17:29:45 --> Undefined variable $tabela
#0 D:\xampp\htdocs\locadora\app\Views\Funcionario_view.php(14): CodeIgniter\Debug\Exceptions->errorHandler(2, 'Undefined varia...', 'D:\\xampp\\htdocs...', 14)
#1 D:\xampp\htdocs\locadora\system\View\View.php(214): include('D:\\xampp\\htdocs...')
#2 D:\xampp\htdocs\locadora\system\View\View.php(217): CodeIgniter\View\View->CodeIgniter\View\{closure}()
#3 D:\xampp\htdocs\locadora\system\Common.php(1092): CodeIgniter\View\View->render('Funcionario_vie...', Array, true)
#4 D:\xampp\htdocs\locadora\app\Controllers\Funcionario.php(14): view('Funcionario_vie...', Array)
#5 D:\xampp\htdocs\locadora\system\CodeIgniter.php(802): App\Controllers\Funcionario->index()
#6 D:\xampp\htdocs\locadora\system\CodeIgniter.php(399): CodeIgniter\CodeIgniter->runController(Object(App\Controllers\Funcionario))
#7 D:\xampp\htdocs\locadora\system\CodeIgniter.php(317): CodeIgniter\CodeIgniter->handleRequest(NULL, Object(Config\Cache), false)
#8 D:\xampp\htdocs\locadora\public\index.php(37): CodeIgniter\CodeIgniter->run()
#9 {main}
ERROR - 2021-10-14 17:30:25 --> Cannot add or update a child row: a foreign key constraint fails (`bd_locadora`.`tb_funcionario`, CONSTRAINT `pk_cargo_fk_funcionario` FOREIGN KEY (`TB_CARGO_ID`) REFERENCES `tb_cargo` (`TB_CARGO_ID`))
CRITICAL - 2021-10-14 17:30:25 --> Cannot add or update a child row: a foreign key constraint fails (`bd_locadora`.`tb_funcionario`, CONSTRAINT `pk_cargo_fk_funcionario` FOREIGN KEY (`TB_CARGO_ID`) REFERENCES `tb_cargo` (`TB_CARGO_ID`))
#0 D:\xampp\htdocs\locadora\system\Database\MySQLi\Connection.php(280): mysqli->query('INSERT INTO `tb...')
#1 D:\xampp\htdocs\locadora\system\Database\BaseConnection.php(663): CodeIgniter\Database\MySQLi\Connection->execute('INSERT INTO `tb...')
#2 D:\xampp\htdocs\locadora\system\Database\BaseConnection.php(591): CodeIgniter\Database\BaseConnection->simpleQuery('INSERT INTO `tb...')
#3 D:\xampp\htdocs\locadora\system\Database\BaseBuilder.php(1733): CodeIgniter\Database\BaseConnection->query('INSERT INTO `tb...', Array, false)
#4 D:\xampp\htdocs\locadora\system\Model.php(239): CodeIgniter\Database\BaseBuilder->insert()
#5 D:\xampp\htdocs\locadora\system\BaseModel.php(738): CodeIgniter\Model->doInsert(Array)
#6 D:\xampp\htdocs\locadora\system\Model.php(620): CodeIgniter\BaseModel->insert(Array, false)
#7 D:\xampp\htdocs\locadora\system\BaseModel.php(658): CodeIgniter\Model->insert(Array, false)
#8 D:\xampp\htdocs\locadora\app\Controllers\Funcionario.php(53): CodeIgniter\BaseModel->save(Array)
#9 D:\xampp\htdocs\locadora\system\CodeIgniter.php(802): App\Controllers\Funcionario->inserir_funcionario()
#10 D:\xampp\htdocs\locadora\system\CodeIgniter.php(399): CodeIgniter\CodeIgniter->runController(Object(App\Controllers\Funcionario))
#11 D:\xampp\htdocs\locadora\system\CodeIgniter.php(317): CodeIgniter\CodeIgniter->handleRequest(NULL, Object(Config\Cache), false)
#12 D:\xampp\htdocs\locadora\public\index.php(37): CodeIgniter\CodeIgniter->run()
#13 {main}
CRITICAL - 2021-10-14 17:32:12 --> Undefined variable $tabela
#0 D:\xampp\htdocs\locadora\app\Views\Funcionario_view.php(14): CodeIgniter\Debug\Exceptions->errorHandler(2, 'Undefined varia...', 'D:\\xampp\\htdocs...', 14)
#1 D:\xampp\htdocs\locadora\system\View\View.php(214): include('D:\\xampp\\htdocs...')
#2 D:\xampp\htdocs\locadora\system\View\View.php(217): CodeIgniter\View\View->CodeIgniter\View\{closure}()
#3 D:\xampp\htdocs\locadora\system\Common.php(1092): CodeIgniter\View\View->render('Funcionario_vie...', Array, true)
#4 D:\xampp\htdocs\locadora\app\Controllers\Funcionario.php(14): view('Funcionario_vie...', Array)
#5 D:\xampp\htdocs\locadora\system\CodeIgniter.php(802): App\Controllers\Funcionario->index()
#6 D:\xampp\htdocs\locadora\system\CodeIgniter.php(399): CodeIgniter\CodeIgniter->runController(Object(App\Controllers\Funcionario))
#7 D:\xampp\htdocs\locadora\system\CodeIgniter.php(317): CodeIgniter\CodeIgniter->handleRequest(NULL, Object(Config\Cache), false)
#8 D:\xampp\htdocs\locadora\public\index.php(37): CodeIgniter\CodeIgniter->run()
#9 {main}
CRITICAL - 2021-10-14 17:35:49 --> Undefined variable $tabela
#0 D:\xampp\htdocs\locadora\app\Views\Funcionario_view.php(14): CodeIgniter\Debug\Exceptions->errorHandler(2, 'Undefined varia...', 'D:\\xampp\\htdocs...', 14)
#1 D:\xampp\htdocs\locadora\system\View\View.php(214): include('D:\\xampp\\htdocs...')
#2 D:\xampp\htdocs\locadora\system\View\View.php(217): CodeIgniter\View\View->CodeIgniter\View\{closure}()
#3 D:\xampp\htdocs\locadora\system\Common.php(1092): CodeIgniter\View\View->render('Funcionario_vie...', Array, true)
#4 D:\xampp\htdocs\locadora\app\Controllers\Funcionario.php(14): view('Funcionario_vie...', Array)
#5 D:\xampp\htdocs\locadora\system\CodeIgniter.php(802): App\Controllers\Funcionario->index()
#6 D:\xampp\htdocs\locadora\system\CodeIgniter.php(399): CodeIgniter\CodeIgniter->runController(Object(App\Controllers\Funcionario))
#7 D:\xampp\htdocs\locadora\system\CodeIgniter.php(317): CodeIgniter\CodeIgniter->handleRequest(NULL, Object(Config\Cache), false)
#8 D:\xampp\htdocs\locadora\public\index.php(37): CodeIgniter\CodeIgniter->run()
#9 {main}
CRITICAL - 2021-10-14 17:35:50 --> Undefined variable $tabela
#0 D:\xampp\htdocs\locadora\app\Views\Funcionario_view.php(14): CodeIgniter\Debug\Exceptions->errorHandler(2, 'Undefined varia...', 'D:\\xampp\\htdocs...', 14)
#1 D:\xampp\htdocs\locadora\system\View\View.php(214): include('D:\\xampp\\htdocs...')
#2 D:\xampp\htdocs\locadora\system\View\View.php(217): CodeIgniter\View\View->CodeIgniter\View\{closure}()
#3 D:\xampp\htdocs\locadora\system\Common.php(1092): CodeIgniter\View\View->render('Funcionario_vie...', Array, true)
#4 D:\xampp\htdocs\locadora\app\Controllers\Funcionario.php(14): view('Funcionario_vie...', Array)
#5 D:\xampp\htdocs\locadora\system\CodeIgniter.php(802): App\Controllers\Funcionario->index()
#6 D:\xampp\htdocs\locadora\system\CodeIgniter.php(399): CodeIgniter\CodeIgniter->runController(Object(App\Controllers\Funcionario))
#7 D:\xampp\htdocs\locadora\system\CodeIgniter.php(317): CodeIgniter\CodeIgniter->handleRequest(NULL, Object(Config\Cache), false)
#8 D:\xampp\htdocs\locadora\public\index.php(37): CodeIgniter\CodeIgniter->run()
#9 {main}
CRITICAL - 2021-10-14 17:51:27 --> Undefined variable $tabela
#0 D:\xampp\htdocs\locadora\app\Views\Locacao_view.php(15): CodeIgniter\Debug\Exceptions->errorHandler(2, 'Undefined varia...', 'D:\\xampp\\htdocs...', 15)
#1 D:\xampp\htdocs\locadora\system\View\View.php(214): include('D:\\xampp\\htdocs...')
#2 D:\xampp\htdocs\locadora\system\View\View.php(217): CodeIgniter\View\View->CodeIgniter\View\{closure}()
#3 D:\xampp\htdocs\locadora\system\Common.php(1092): CodeIgniter\View\View->render('Locacao_view', Array, true)
#4 D:\xampp\htdocs\locadora\app\Controllers\Locacao.php(14): view('Locacao_view', Array)
#5 D:\xampp\htdocs\locadora\system\CodeIgniter.php(802): App\Controllers\Locacao->index()
#6 D:\xampp\htdocs\locadora\system\CodeIgniter.php(399): CodeIgniter\CodeIgniter->runController(Object(App\Controllers\Locacao))
#7 D:\xampp\htdocs\locadora\system\CodeIgniter.php(317): CodeIgniter\CodeIgniter->handleRequest(NULL, Object(Config\Cache), false)
#8 D:\xampp\htdocs\locadora\public\index.php(37): CodeIgniter\CodeIgniter->run()
#9 {main}
CRITICAL - 2021-10-14 18:49:24 --> Undefined array key "TB_FUNCIONARIO_NOME"
#0 D:\xampp\htdocs\locadora\app\Views\editarFuncionarioView.php(19): CodeIgniter\Debug\Exceptions->errorHandler(2, 'Undefined array...', 'D:\\xampp\\htdocs...', 19)
#1 D:\xampp\htdocs\locadora\system\View\View.php(214): include('D:\\xampp\\htdocs...')
#2 D:\xampp\htdocs\locadora\system\View\View.php(217): CodeIgniter\View\View->CodeIgniter\View\{closure}()
#3 D:\xampp\htdocs\locadora\system\Common.php(1092): CodeIgniter\View\View->render('editarFuncionar...', Array, true)
#4 D:\xampp\htdocs\locadora\app\Controllers\Locacao.php(71): view('editarFuncionar...', Array)
#5 D:\xampp\htdocs\locadora\system\CodeIgniter.php(802): App\Controllers\Locacao->editar_locacao('3')
#6 D:\xampp\htdocs\locadora\system\CodeIgniter.php(399): CodeIgniter\CodeIgniter->runController(Object(App\Controllers\Locacao))
#7 D:\xampp\htdocs\locadora\system\CodeIgniter.php(317): CodeIgniter\CodeIgniter->handleRequest(NULL, Object(Config\Cache), false)
#8 D:\xampp\htdocs\locadora\public\index.php(37): CodeIgniter\CodeIgniter->run()
#9 {main}
CRITICAL - 2021-10-14 18:50:03 --> Undefined array key "TB_FUNCIONARIO_NOME"
#0 D:\xampp\htdocs\locadora\app\Views\editarFuncionarioView.php(19): CodeIgniter\Debug\Exceptions->errorHandler(2, 'Undefined array...', 'D:\\xampp\\htdocs...', 19)
#1 D:\xampp\htdocs\locadora\system\View\View.php(214): include('D:\\xampp\\htdocs...')
#2 D:\xampp\htdocs\locadora\system\View\View.php(217): CodeIgniter\View\View->CodeIgniter\View\{closure}()
#3 D:\xampp\htdocs\locadora\system\Common.php(1092): CodeIgniter\View\View->render('editarFuncionar...', Array, true)
#4 D:\xampp\htdocs\locadora\app\Controllers\Locacao.php(71): view('editarFuncionar...', Array)
#5 D:\xampp\htdocs\locadora\system\CodeIgniter.php(802): App\Controllers\Locacao->editar_locacao('3')
#6 D:\xampp\htdocs\locadora\system\CodeIgniter.php(399): CodeIgniter\CodeIgniter->runController(Object(App\Controllers\Locacao))
#7 D:\xampp\htdocs\locadora\system\CodeIgniter.php(317): CodeIgniter\CodeIgniter->handleRequest(NULL, Object(Config\Cache), false)
#8 D:\xampp\htdocs\locadora\public\index.php(37): CodeIgniter\CodeIgniter->run()
#9 {main}
CRITICAL - 2021-10-14 19:23:51 --> Undefined array key "TB_FUNCIONARIO_ID"
#0 D:\xampp\htdocs\locadora\app\Controllers\Marca.php(69): CodeIgniter\Debug\Exceptions->errorHandler(2, 'Undefined array...', 'D:\\xampp\\htdocs...', 69)
#1 D:\xampp\htdocs\locadora\system\CodeIgniter.php(802): App\Controllers\Marca->viewMarcas()
#2 D:\xampp\htdocs\locadora\system\CodeIgniter.php(399): CodeIgniter\CodeIgniter->runController(Object(App\Controllers\Marca))
#3 D:\xampp\htdocs\locadora\system\CodeIgniter.php(317): CodeIgniter\CodeIgniter->handleRequest(NULL, Object(Config\Cache), false)
#4 D:\xampp\htdocs\locadora\public\index.php(37): CodeIgniter\CodeIgniter->run()
#5 {main}
CRITICAL - 2021-10-14 19:25:11 --> Undefined array key "TB_FUNCIONARIO_ID"
#0 D:\xampp\htdocs\locadora\app\Controllers\Marca.php(69): CodeIgniter\Debug\Exceptions->errorHandler(2, 'Undefined array...', 'D:\\xampp\\htdocs...', 69)
#1 D:\xampp\htdocs\locadora\system\CodeIgniter.php(802): App\Controllers\Marca->viewMarcas()
#2 D:\xampp\htdocs\locadora\system\CodeIgniter.php(399): CodeIgniter\CodeIgniter->runController(Object(App\Controllers\Marca))
#3 D:\xampp\htdocs\locadora\system\CodeIgniter.php(317): CodeIgniter\CodeIgniter->handleRequest(NULL, Object(Config\Cache), false)
#4 D:\xampp\htdocs\locadora\public\index.php(37): CodeIgniter\CodeIgniter->run()
#5 {main}
CRITICAL - 2021-10-14 19:25:34 --> Invalid file: Marca_view.php
#0 D:\xampp\htdocs\locadora\system\View\View.php(198): CodeIgniter\Exceptions\FrameworkException::forInvalidFile('Marca_view.php')
#1 D:\xampp\htdocs\locadora\system\Common.php(1092): CodeIgniter\View\View->render('Marca_view', Array, true)
#2 D:\xampp\htdocs\locadora\app\Controllers\Marca.php(74): view('Marca_view', Array)
#3 D:\xampp\htdocs\locadora\system\CodeIgniter.php(802): App\Controllers\Marca->viewMarcas()
#4 D:\xampp\htdocs\locadora\system\CodeIgniter.php(399): CodeIgniter\CodeIgniter->runController(Object(App\Controllers\Marca))
#5 D:\xampp\htdocs\locadora\system\CodeIgniter.php(317): CodeIgniter\CodeIgniter->handleRequest(NULL, Object(Config\Cache), false)
#6 D:\xampp\htdocs\locadora\public\index.php(37): CodeIgniter\CodeIgniter->run()
#7 {main}
CRITICAL - 2021-10-14 19:25:52 --> Invalid file: cadastrarMarcaView.php
#0 D:\xampp\htdocs\locadora\system\View\View.php(198): CodeIgniter\Exceptions\FrameworkException::forInvalidFile('cadastrarMarcaV...')
#1 D:\xampp\htdocs\locadora\system\Common.php(1092): CodeIgniter\View\View->render('cadastrarMarcaV...', Array, true)
#2 D:\xampp\htdocs\locadora\app\Controllers\Marca.php(19): view('cadastrarMarcaV...')
#3 D:\xampp\htdocs\locadora\system\CodeIgniter.php(802): App\Controllers\Marca->inserir()
#4 D:\xampp\htdocs\locadora\system\CodeIgniter.php(399): CodeIgniter\CodeIgniter->runController(Object(App\Controllers\Marca))
#5 D:\xampp\htdocs\locadora\system\CodeIgniter.php(317): CodeIgniter\CodeIgniter->handleRequest(NULL, Object(Config\Cache), false)
#6 D:\xampp\htdocs\locadora\public\index.php(37): CodeIgniter\CodeIgniter->run()
#7 {main}
CRITICAL - 2021-10-14 19:56:33 --> Invalid file: EditarMarcaView.php
#0 D:\xampp\htdocs\locadora\system\View\View.php(198): CodeIgniter\Exceptions\FrameworkException::forInvalidFile('EditarMarcaView...')
#1 D:\xampp\htdocs\locadora\system\Common.php(1092): CodeIgniter\View\View->render('EditarMarcaView', Array, true)
#2 D:\xampp\htdocs\locadora\app\Controllers\Marca.php(57): view('EditarMarcaView', Array)
#3 D:\xampp\htdocs\locadora\system\CodeIgniter.php(802): App\Controllers\Marca->editar_Marca('22')
#4 D:\xampp\htdocs\locadora\system\CodeIgniter.php(399): CodeIgniter\CodeIgniter->runController(Object(App\Controllers\Marca))
#5 D:\xampp\htdocs\locadora\system\CodeIgniter.php(317): CodeIgniter\CodeIgniter->handleRequest(NULL, Object(Config\Cache), false)
#6 D:\xampp\htdocs\locadora\public\index.php(37): CodeIgniter\CodeIgniter->run()
#7 {main}
